{"method":"GET","path":"/razzdevapi/img","timestamp":"2023-12-24T10:37:59.566Z"}
{"method":"GET","path":"/favicon.ico","timestamp":"2023-12-24T10:38:10.017Z"}
{"method":"GET","path":"/razzdevapi/img2","timestamp":"2023-12-24T10:38:42.251Z"}
{"method":"GET","path":"/razzdevapi/text","timestamp":"2023-12-24T14:03:53.100Z"}
{"method":"GET","path":"/favicon.ico","timestamp":"2023-12-24T14:03:55.856Z"}
{"method":"GET","path":"/razzdevapi","timestamp":"2023-12-24T14:04:09.345Z"}
{"method":"GET","path":"/razzdevapi","timestamp":"2023-12-24T14:06:24.044Z"}
{"method":"GET","path":"/razzdevapi","timestamp":"2023-12-24T14:08:13.270Z"}
{"method":"GET","path":"/favicon.ico","timestamp":"2023-12-24T14:08:13.542Z"}
{"method":"GET","path":"/razzdevapi","timestamp":"2023-12-24T14:14:47.059Z"}
{"method":"GET","path":"/favicon.ico","timestamp":"2023-12-24T14:14:47.275Z"}
{"method":"GET","path":"/razzdevapi","timestamp":"2023-12-24T14:14:57.920Z"}
{"method":"GET","path":"/razzdevapi","timestamp":"2023-12-24T14:17:12.610Z"}
{"method":"GET","path":"/favicon.ico","timestamp":"2023-12-24T14:17:13.174Z"}
{"method":"GET","path":"/razzdevapi","timestamp":"2023-12-24T14:19:34.837Z"}
{"method":"GET","path":"/favicon.ico","timestamp":"2023-12-24T14:19:35.002Z"}
{"method":"GET","path":"/favicon.ico","timestamp":"2023-12-24T14:24:37.971Z"}
{"method":"GET","path":"/favicon.ico","timestamp":"2023-12-24T14:31:34.624Z"}
{"method":"GET","path":"/favicon.ico","timestamp":"2023-12-24T15:55:33.124Z"}
{"method":"GET","path":"/razzdevapi","timestamp":"2023-12-24T15:55:37.367Z"}
{"method":"GET","path":"/razzdevapi/img/apikey&input=","timestamp":"2023-12-24T15:55:51.309Z"}
{"method":"GET","path":"/razzdevapi/img","timestamp":"2023-12-24T15:56:18.726Z"}
{"method":"GET","path":"/razzdevapi/img","timestamp":"2023-12-24T15:57:29.303Z"}
{"method":"GET","path":"/favicon.ico","timestamp":"2023-12-24T15:57:29.561Z"}
{"method":"GET","path":"/razzdevapi/img","timestamp":"2023-12-24T15:59:03.123Z"}
{"method":"GET","path":"/razzdevapi/img","timestamp":"2023-12-24T15:59:25.978Z"}
{"method":"GET","path":"/favicon.ico","timestamp":"2023-12-24T16:14:58.688Z"}
{"method":"GET","path":"/razzdevapi/img","timestamp":"2023-12-24T16:15:45.670Z"}
{"method":"GET","path":"/razzdevapi/img","timestamp":"2023-12-24T16:17:59.421Z"}
{"method":"GET","path":"/favicon.ico","timestamp":"2023-12-24T16:17:59.655Z"}
{"method":"GET","path":"/razzdevapi/img","timestamp":"2023-12-24T16:20:51.791Z"}
{"method":"GET","path":"/favicon.ico","timestamp":"2023-12-24T16:20:52.069Z"}
{"method":"GET","path":"/razzdevapi/img","timestamp":"2023-12-24T16:23:23.143Z"}
{"method":"GET","path":"/razzdevapi/img","timestamp":"2023-12-24T16:27:49.474Z"}
{"method":"GET","path":"/razzdevapi/img","timestamp":"2023-12-24T16:27:56.645Z"}
{"method":"GET","path":"/razzdevapi/img","timestamp":"2023-12-24T16:27:57.960Z"}
{"method":"GET","path":"/razzdevapi/img","timestamp":"2023-12-24T16:28:18.230Z"}
{"method":"GET","path":"/razzdevapi/img","timestamp":"2023-12-24T16:28:19.023Z"}
{"method":"GET","path":"/razzdevapi/img","timestamp":"2023-12-24T16:28:19.215Z"}
{"method":"GET","path":"/razzdevapi/img","timestamp":"2023-12-24T16:28:19.648Z"}
{"method":"GET","path":"/razzdevapi/img","timestamp":"2023-12-24T16:28:38.264Z"}
{"method":"GET","path":"/razzdevapi/img","timestamp":"2023-12-24T16:30:18.174Z"}
{"method":"GET","path":"/razzdevapi/img","timestamp":"2023-12-24T16:30:28.353Z"}
{"method":"GET","path":"/razzdevapi/img","timestamp":"2023-12-24T16:33:32.126Z"}
{"method":"GET","path":"/razzdevapi/img","timestamp":"2023-12-24T16:35:39.152Z"}
{"method":"GET","path":"/favicon.ico","timestamp":"2023-12-24T16:35:41.261Z"}
{"method":"GET","path":"/razzdevapi/img","timestamp":"2023-12-24T16:35:50.975Z"}
{"method":"GET","path":"/razzdevapi/img","timestamp":"2023-12-24T16:37:00.658Z"}
{"method":"GET","path":"/razzdevapi/img","timestamp":"2023-12-24T16:42:38.435Z"}
{"method":"GET","path":"/razzdevapi/img","timestamp":"2023-12-24T16:45:35.751Z"}
{"method":"GET","path":"/favicon.ico","timestamp":"2023-12-24T16:45:35.934Z"}
{"method":"GET","path":"/razzdevapi/img","timestamp":"2023-12-24T16:45:41.668Z"}
{"method":"GET","path":"/razzdevapi/img","timestamp":"2023-12-24T16:45:43.573Z"}
{"method":"GET","path":"/razzdevapi/img","timestamp":"2023-12-24T16:47:05.003Z"}
{"method":"GET","path":"/razzdevapi/img","timestamp":"2023-12-24T16:48:07.242Z"}
{"method":"GET","path":"/favicon.ico","timestamp":"2023-12-24T17:08:49.521Z"}
{"method":"GET","path":"/razzdevapi/img","timestamp":"2023-12-24T17:14:05.814Z"}
{"method":"GET","path":"/razzdevapi/img","timestamp":"2023-12-24T17:28:33.521Z"}
{"method":"GET","path":"/razzdevapi/sd_diffusion","timestamp":"2023-12-24T17:28:52.178Z"}
{"method":"GET","path":"/favicon.ico","timestamp":"2023-12-24T17:28:52.276Z"}
{"method":"GET","path":"/razzdevapi/sd_diffusion","timestamp":"2023-12-24T17:29:38.215Z"}
{"method":"GET","path":"/razzdevapi/sd_diffusion","timestamp":"2023-12-24T17:29:40.575Z"}
{"method":"GET","path":"/razzdevapi/sd_diffusion","timestamp":"2023-12-24T17:35:08.119Z"}
{"method":"GET","path":"/favicon.ico","timestamp":"2023-12-24T17:35:08.362Z"}
{"method":"GET","path":"/razzdevapi/sd_diffusion","timestamp":"2023-12-24T17:35:10.292Z"}
{"method":"GET","path":"/favicon.ico","timestamp":"2023-12-24T17:38:47.832Z"}
{"method":"GET","path":"/favicon.ico","timestamp":"2023-12-24T17:41:11.708Z"}
{"method":"GET","path":"/razzdevapi/sd_diffusion","timestamp":"2023-12-24T17:43:41.617Z"}
{"method":"GET","path":"/razzdevapi/sd_diffusion","timestamp":"2023-12-24T17:44:04.298Z"}
{"method":"GET","path":"/razzdevapi/sd_diffusion","timestamp":"2023-12-24T17:48:43.627Z"}
{"method":"GET","path":"/razzdevapi/sd_diffusion","timestamp":"2023-12-24T17:48:43.687Z"}
{"method":"GET","path":"/razzdevapi/sd_diffusion","timestamp":"2023-12-24T17:54:54.141Z"}
{"method":"GET","path":"/razzdevapi/sd_diffusion","timestamp":"2023-12-24T17:54:59.138Z"}
{"method":"GET","path":"/razzdevapi/sd_diffusion","timestamp":"2023-12-24T17:55:04.141Z"}
{"method":"GET","path":"/razzdevapi/sd_diffusion","timestamp":"2023-12-24T17:56:56.942Z"}
{"method":"GET","path":"/razzdevapi/sd_diffusion","timestamp":"2023-12-24T17:57:34.044Z"}
{"method":"GET","path":"/favicon.ico","timestamp":"2023-12-24T17:57:49.128Z"}
{"method":"GET","path":"/razzdevapi/sd_diffusion","timestamp":"2023-12-24T17:58:07.105Z"}
{"method":"GET","path":"/razzdevapi/sd_diffusion","timestamp":"2023-12-24T17:58:30.288Z"}
{"method":"GET","path":"/razzdevapi/sd_diffusion","timestamp":"2023-12-24T18:09:21.490Z"}
{"method":"GET","path":"/razzdevapi/sd_diffusion","timestamp":"2023-12-24T18:09:43.724Z"}
{"method":"GET","path":"/razzdevapi/sd_diffusion","timestamp":"2023-12-24T18:10:13.692Z"}
{"method":"GET","path":"/razzdevapi/aiodl","timestamp":"2023-12-24T18:44:04.461Z"}
{"method":"GET","path":"/razzdevapi/aiodl","timestamp":"2023-12-24T19:15:17.165Z"}
{"method":"GET","path":"/razzdevapi/aiodl","timestamp":"2023-12-24T19:16:35.422Z"}
{"method":"GET","path":"/favicon.ico","timestamp":"2023-12-24T19:16:38.738Z"}
{"method":"GET","path":"/razzdevapi/aiodl","timestamp":"2023-12-24T19:16:41.835Z"}
{"method":"GET","path":"/razzdevapi/aiodl","timestamp":"2023-12-24T19:17:29.105Z"}
{"method":"GET","path":"/","timestamp":"2023-12-25T04:58:19.409Z"}
{"method":"GET","path":"/styles.css","timestamp":"2023-12-25T04:58:19.650Z"}
{"method":"GET","path":"/logo.png","timestamp":"2023-12-25T04:58:19.670Z"}
{"method":"GET","path":"/favicon.ico","timestamp":"2023-12-25T04:58:19.785Z"}
{"method":"GET","path":"/","timestamp":"2023-12-25T05:02:03.286Z"}
{"method":"GET","path":"/styles.css","timestamp":"2023-12-25T05:02:03.359Z"}
{"method":"GET","path":"/favicon.ico","timestamp":"2023-12-25T05:02:03.469Z"}
{"method":"GET","path":"/razzdevapi/sd_diffusion","timestamp":"2023-12-25T05:02:07.083Z"}
{"method":"GET","path":"/","timestamp":"2023-12-25T05:22:28.373Z"}
{"method":"GET","path":"/lib/owlcarousel/assets/owl.carousel.min.css","timestamp":"2023-12-25T05:22:28.619Z"}
{"method":"GET","path":"/lib/tempusdominus/css/tempusdominus-bootstrap-4.min.css","timestamp":"2023-12-25T05:22:28.625Z"}
{"method":"GET","path":"/css/bootstrap.min.css","timestamp":"2023-12-25T05:22:28.638Z"}
{"method":"GET","path":"/css/style.css","timestamp":"2023-12-25T05:22:28.639Z"}
{"method":"GET","path":"/lib/chart/chart.min.js","timestamp":"2023-12-25T05:22:28.644Z"}
{"method":"GET","path":"/img/user.jpg","timestamp":"2023-12-25T05:22:28.641Z"}
{"method":"GET","path":"/lib/easing/easing.min.js","timestamp":"2023-12-25T05:22:28.769Z"}
{"method":"GET","path":"/lib/waypoints/waypoints.min.js","timestamp":"2023-12-25T05:22:28.771Z"}
{"method":"GET","path":"/lib/owlcarousel/owl.carousel.min.js","timestamp":"2023-12-25T05:22:28.776Z"}
{"method":"GET","path":"/lib/tempusdominus/js/moment.min.js","timestamp":"2023-12-25T05:22:28.777Z"}
{"method":"GET","path":"/lib/tempusdominus/js/moment-timezone.min.js","timestamp":"2023-12-25T05:22:28.809Z"}
{"method":"GET","path":"/js/main.js","timestamp":"2023-12-25T05:22:28.813Z"}
{"method":"GET","path":"/lib/tempusdominus/js/tempusdominus-bootstrap-4.min.js","timestamp":"2023-12-25T05:22:28.812Z"}
{"method":"GET","path":"/img/favicon.ico","timestamp":"2023-12-25T05:22:29.793Z"}
{"method":"GET","path":"/","timestamp":"2023-12-25T05:22:38.344Z"}
{"method":"GET","path":"/lib/owlcarousel/assets/owl.carousel.min.css","timestamp":"2023-12-25T05:22:38.400Z"}
{"method":"GET","path":"/lib/tempusdominus/css/tempusdominus-bootstrap-4.min.css","timestamp":"2023-12-25T05:22:38.401Z"}
{"method":"GET","path":"/css/bootstrap.min.css","timestamp":"2023-12-25T05:22:38.403Z"}
{"method":"GET","path":"/css/style.css","timestamp":"2023-12-25T05:22:38.404Z"}
{"method":"GET","path":"/img/user.jpg","timestamp":"2023-12-25T05:22:38.411Z"}
{"method":"GET","path":"/lib/chart/chart.min.js","timestamp":"2023-12-25T05:22:38.413Z"}
{"method":"GET","path":"/lib/easing/easing.min.js","timestamp":"2023-12-25T05:22:38.432Z"}
{"method":"GET","path":"/lib/waypoints/waypoints.min.js","timestamp":"2023-12-25T05:22:38.441Z"}
{"method":"GET","path":"/lib/owlcarousel/owl.carousel.min.js","timestamp":"2023-12-25T05:22:38.447Z"}
{"method":"GET","path":"/lib/tempusdominus/js/moment.min.js","timestamp":"2023-12-25T05:22:38.448Z"}
{"method":"GET","path":"/lib/tempusdominus/js/moment-timezone.min.js","timestamp":"2023-12-25T05:22:38.452Z"}
{"method":"GET","path":"/lib/tempusdominus/js/tempusdominus-bootstrap-4.min.js","timestamp":"2023-12-25T05:22:38.468Z"}
{"method":"GET","path":"/js/main.js","timestamp":"2023-12-25T05:22:38.469Z"}
{"method":"GET","path":"/index.html","timestamp":"2023-12-25T05:22:39.642Z"}
{"method":"GET","path":"/lib/owlcarousel/assets/owl.carousel.min.css","timestamp":"2023-12-25T05:22:39.722Z"}
{"method":"GET","path":"/css/bootstrap.min.css","timestamp":"2023-12-25T05:22:39.729Z"}
{"method":"GET","path":"/lib/tempusdominus/css/tempusdominus-bootstrap-4.min.css","timestamp":"2023-12-25T05:22:39.727Z"}
{"method":"GET","path":"/css/style.css","timestamp":"2023-12-25T05:22:39.732Z"}
{"method":"GET","path":"/img/user.jpg","timestamp":"2023-12-25T05:22:39.733Z"}
{"method":"GET","path":"/lib/chart/chart.min.js","timestamp":"2023-12-25T05:22:39.734Z"}
{"method":"GET","path":"/lib/easing/easing.min.js","timestamp":"2023-12-25T05:22:39.754Z"}
{"method":"GET","path":"/lib/waypoints/waypoints.min.js","timestamp":"2023-12-25T05:22:39.765Z"}
{"method":"GET","path":"/lib/owlcarousel/owl.carousel.min.js","timestamp":"2023-12-25T05:22:39.771Z"}
{"method":"GET","path":"/lib/tempusdominus/js/moment.min.js","timestamp":"2023-12-25T05:22:39.772Z"}
{"method":"GET","path":"/lib/tempusdominus/js/tempusdominus-bootstrap-4.min.js","timestamp":"2023-12-25T05:22:39.774Z"}
{"method":"GET","path":"/lib/tempusdominus/js/moment-timezone.min.js","timestamp":"2023-12-25T05:22:39.773Z"}
{"method":"GET","path":"/js/main.js","timestamp":"2023-12-25T05:22:39.790Z"}
{"method":"GET","path":"/button.html","timestamp":"2023-12-25T05:22:42.870Z"}
{"method":"GET","path":"/lib/owlcarousel/assets/owl.carousel.min.css","timestamp":"2023-12-25T05:22:42.935Z"}
{"method":"GET","path":"/lib/tempusdominus/css/tempusdominus-bootstrap-4.min.css","timestamp":"2023-12-25T05:22:42.937Z"}
{"method":"GET","path":"/css/bootstrap.min.css","timestamp":"2023-12-25T05:22:42.939Z"}
{"method":"GET","path":"/css/style.css","timestamp":"2023-12-25T05:22:42.941Z"}
{"method":"GET","path":"/img/user.jpg","timestamp":"2023-12-25T05:22:42.943Z"}
{"method":"GET","path":"/lib/chart/chart.min.js","timestamp":"2023-12-25T05:22:42.945Z"}
{"method":"GET","path":"/lib/easing/easing.min.js","timestamp":"2023-12-25T05:22:42.969Z"}
{"method":"GET","path":"/lib/waypoints/waypoints.min.js","timestamp":"2023-12-25T05:22:42.970Z"}
{"method":"GET","path":"/lib/owlcarousel/owl.carousel.min.js","timestamp":"2023-12-25T05:22:42.972Z"}
{"method":"GET","path":"/lib/tempusdominus/js/moment.min.js","timestamp":"2023-12-25T05:22:42.973Z"}
{"method":"GET","path":"/lib/tempusdominus/js/moment-timezone.min.js","timestamp":"2023-12-25T05:22:42.974Z"}
{"method":"GET","path":"/lib/tempusdominus/js/tempusdominus-bootstrap-4.min.js","timestamp":"2023-12-25T05:22:42.974Z"}
{"method":"GET","path":"/js/main.js","timestamp":"2023-12-25T05:22:43.000Z"}
{"method":"GET","path":"/index.html","timestamp":"2023-12-25T05:23:30.765Z"}
{"method":"GET","path":"/lib/tempusdominus/css/tempusdominus-bootstrap-4.min.css","timestamp":"2023-12-25T05:23:30.874Z"}
{"method":"GET","path":"/css/bootstrap.min.css","timestamp":"2023-12-25T05:23:30.894Z"}
{"method":"GET","path":"/img/user.jpg","timestamp":"2023-12-25T05:23:30.896Z"}
{"method":"GET","path":"/lib/owlcarousel/assets/owl.carousel.min.css","timestamp":"2023-12-25T05:23:30.902Z"}
{"method":"GET","path":"/lib/chart/chart.min.js","timestamp":"2023-12-25T05:23:30.904Z"}
{"method":"GET","path":"/css/style.css","timestamp":"2023-12-25T05:23:30.903Z"}
{"method":"GET","path":"/lib/easing/easing.min.js","timestamp":"2023-12-25T05:23:30.929Z"}
{"method":"GET","path":"/lib/waypoints/waypoints.min.js","timestamp":"2023-12-25T05:23:30.933Z"}
{"method":"GET","path":"/lib/tempusdominus/js/moment.min.js","timestamp":"2023-12-25T05:23:30.934Z"}
{"method":"GET","path":"/lib/tempusdominus/js/moment-timezone.min.js","timestamp":"2023-12-25T05:23:30.936Z"}
{"method":"GET","path":"/lib/tempusdominus/js/tempusdominus-bootstrap-4.min.js","timestamp":"2023-12-25T05:23:30.936Z"}
{"method":"GET","path":"/lib/owlcarousel/owl.carousel.min.js","timestamp":"2023-12-25T05:23:30.953Z"}
{"method":"GET","path":"/js/main.js","timestamp":"2023-12-25T05:23:30.956Z"}
{"method":"GET","path":"/index.html","timestamp":"2023-12-25T05:23:32.268Z"}
{"method":"GET","path":"/lib/owlcarousel/assets/owl.carousel.min.css","timestamp":"2023-12-25T05:23:32.326Z"}
{"method":"GET","path":"/css/bootstrap.min.css","timestamp":"2023-12-25T05:23:32.329Z"}
{"method":"GET","path":"/lib/tempusdominus/css/tempusdominus-bootstrap-4.min.css","timestamp":"2023-12-25T05:23:32.327Z"}
{"method":"GET","path":"/css/style.css","timestamp":"2023-12-25T05:23:32.332Z"}
{"method":"GET","path":"/img/user.jpg","timestamp":"2023-12-25T05:23:32.333Z"}
{"method":"GET","path":"/lib/chart/chart.min.js","timestamp":"2023-12-25T05:23:32.335Z"}
{"method":"GET","path":"/lib/easing/easing.min.js","timestamp":"2023-12-25T05:23:32.358Z"}
{"method":"GET","path":"/lib/waypoints/waypoints.min.js","timestamp":"2023-12-25T05:23:32.359Z"}
{"method":"GET","path":"/lib/owlcarousel/owl.carousel.min.js","timestamp":"2023-12-25T05:23:32.360Z"}
{"method":"GET","path":"/lib/tempusdominus/js/moment.min.js","timestamp":"2023-12-25T05:23:32.361Z"}
{"method":"GET","path":"/lib/tempusdominus/js/moment-timezone.min.js","timestamp":"2023-12-25T05:23:32.362Z"}
{"method":"GET","path":"/lib/tempusdominus/js/tempusdominus-bootstrap-4.min.js","timestamp":"2023-12-25T05:23:32.363Z"}
{"method":"GET","path":"/js/main.js","timestamp":"2023-12-25T05:23:32.381Z"}
{"method":"GET","path":"/index.html","timestamp":"2023-12-25T05:23:36.965Z"}
{"method":"GET","path":"/lib/owlcarousel/assets/owl.carousel.min.css","timestamp":"2023-12-25T05:23:37.053Z"}
{"method":"GET","path":"/lib/tempusdominus/css/tempusdominus-bootstrap-4.min.css","timestamp":"2023-12-25T05:23:37.054Z"}
{"method":"GET","path":"/css/bootstrap.min.css","timestamp":"2023-12-25T05:23:37.056Z"}
{"method":"GET","path":"/img/user.jpg","timestamp":"2023-12-25T05:23:37.062Z"}
{"method":"GET","path":"/css/style.css","timestamp":"2023-12-25T05:23:37.060Z"}
{"method":"GET","path":"/lib/chart/chart.min.js","timestamp":"2023-12-25T05:23:37.064Z"}
{"method":"GET","path":"/lib/easing/easing.min.js","timestamp":"2023-12-25T05:23:37.083Z"}
{"method":"GET","path":"/lib/waypoints/waypoints.min.js","timestamp":"2023-12-25T05:23:37.084Z"}
{"method":"GET","path":"/lib/owlcarousel/owl.carousel.min.js","timestamp":"2023-12-25T05:23:37.087Z"}
{"method":"GET","path":"/lib/tempusdominus/js/moment.min.js","timestamp":"2023-12-25T05:23:37.088Z"}
{"method":"GET","path":"/lib/tempusdominus/js/moment-timezone.min.js","timestamp":"2023-12-25T05:23:37.089Z"}
{"method":"GET","path":"/lib/tempusdominus/js/tempusdominus-bootstrap-4.min.js","timestamp":"2023-12-25T05:23:37.101Z"}
{"method":"GET","path":"/js/main.js","timestamp":"2023-12-25T05:23:37.113Z"}
{"method":"GET","path":"/index.html","timestamp":"2023-12-25T06:01:49.656Z"}
{"method":"GET","path":"/lib/tempusdominus/css/tempusdominus-bootstrap-4.min.css","timestamp":"2023-12-25T06:01:49.785Z"}
{"method":"GET","path":"/img/user.jpg","timestamp":"2023-12-25T06:01:49.784Z"}
{"method":"GET","path":"/css/style.css","timestamp":"2023-12-25T06:01:49.839Z"}
{"method":"GET","path":"/lib/owlcarousel/assets/owl.carousel.min.css","timestamp":"2023-12-25T06:01:49.837Z"}
{"method":"GET","path":"/lib/chart/chart.min.js","timestamp":"2023-12-25T06:01:49.847Z"}
{"method":"GET","path":"/css/bootstrap.min.css","timestamp":"2023-12-25T06:01:49.848Z"}
{"method":"GET","path":"/lib/easing/easing.min.js","timestamp":"2023-12-25T06:01:49.890Z"}
{"method":"GET","path":"/lib/owlcarousel/owl.carousel.min.js","timestamp":"2023-12-25T06:01:49.893Z"}
{"method":"GET","path":"/lib/waypoints/waypoints.min.js","timestamp":"2023-12-25T06:01:49.891Z"}
{"method":"GET","path":"/lib/tempusdominus/js/moment-timezone.min.js","timestamp":"2023-12-25T06:01:49.897Z"}
{"method":"GET","path":"/lib/tempusdominus/js/tempusdominus-bootstrap-4.min.js","timestamp":"2023-12-25T06:01:49.900Z"}
{"method":"GET","path":"/js/main.js","timestamp":"2023-12-25T06:01:49.916Z"}
{"method":"GET","path":"/lib/tempusdominus/js/moment.min.js","timestamp":"2023-12-25T06:01:49.917Z"}
{"method":"GET","path":"/index.html","timestamp":"2023-12-25T06:01:53.790Z"}
{"method":"GET","path":"/lib/owlcarousel/assets/owl.carousel.min.css","timestamp":"2023-12-25T06:01:53.855Z"}
{"method":"GET","path":"/lib/tempusdominus/css/tempusdominus-bootstrap-4.min.css","timestamp":"2023-12-25T06:01:53.861Z"}
{"method":"GET","path":"/css/bootstrap.min.css","timestamp":"2023-12-25T06:01:53.862Z"}
{"method":"GET","path":"/css/style.css","timestamp":"2023-12-25T06:01:53.870Z"}
{"method":"GET","path":"/lib/chart/chart.min.js","timestamp":"2023-12-25T06:01:53.872Z"}
{"method":"GET","path":"/img/user.jpg","timestamp":"2023-12-25T06:01:53.871Z"}
{"method":"GET","path":"/lib/easing/easing.min.js","timestamp":"2023-12-25T06:01:53.887Z"}
{"method":"GET","path":"/lib/waypoints/waypoints.min.js","timestamp":"2023-12-25T06:01:53.893Z"}
{"method":"GET","path":"/lib/tempusdominus/js/moment.min.js","timestamp":"2023-12-25T06:01:53.894Z"}
{"method":"GET","path":"/lib/tempusdominus/js/tempusdominus-bootstrap-4.min.js","timestamp":"2023-12-25T06:01:53.897Z"}
{"method":"GET","path":"/lib/owlcarousel/owl.carousel.min.js","timestamp":"2023-12-25T06:01:53.898Z"}
{"method":"GET","path":"/lib/tempusdominus/js/moment-timezone.min.js","timestamp":"2023-12-25T06:01:53.896Z"}
{"method":"GET","path":"/js/main.js","timestamp":"2023-12-25T06:01:53.916Z"}
{"method":"GET","path":"/lib/tempusdominus/css/tempusdominus-bootstrap-4.min.css","timestamp":"2023-12-25T06:08:08.483Z"}
{"method":"GET","path":"/lib/owlcarousel/assets/owl.carousel.min.css","timestamp":"2023-12-25T06:08:08.510Z"}
{"method":"GET","path":"/css/style.css","timestamp":"2023-12-25T06:08:08.518Z"}
{"method":"GET","path":"/css/bootstrap.min.css","timestamp":"2023-12-25T06:08:08.520Z"}
{"method":"GET","path":"/img/user.jpg","timestamp":"2023-12-25T06:08:08.521Z"}
{"method":"GET","path":"/lib/chart/chart.min.js","timestamp":"2023-12-25T06:08:08.531Z"}
{"method":"GET","path":"/lib/easing/easing.min.js","timestamp":"2023-12-25T06:08:08.580Z"}
{"method":"GET","path":"/lib/waypoints/waypoints.min.js","timestamp":"2023-12-25T06:08:08.587Z"}
{"method":"GET","path":"/lib/owlcarousel/owl.carousel.min.js","timestamp":"2023-12-25T06:08:08.603Z"}
{"method":"GET","path":"/lib/tempusdominus/js/moment.min.js","timestamp":"2023-12-25T06:08:08.607Z"}
{"method":"GET","path":"/lib/tempusdominus/js/moment-timezone.min.js","timestamp":"2023-12-25T06:08:08.650Z"}
{"method":"GET","path":"/lib/tempusdominus/js/tempusdominus-bootstrap-4.min.js","timestamp":"2023-12-25T06:08:08.662Z"}
{"method":"GET","path":"/js/main.js","timestamp":"2023-12-25T06:08:08.663Z"}
{"method":"GET","path":"/img/favicon.ico","timestamp":"2023-12-25T06:08:10.021Z"}
{"method":"GET","path":"/index.html","timestamp":"2023-12-25T06:08:12.838Z"}
{"method":"GET","path":"/lib/owlcarousel/assets/owl.carousel.min.css","timestamp":"2023-12-25T06:08:12.906Z"}
{"method":"GET","path":"/lib/tempusdominus/css/tempusdominus-bootstrap-4.min.css","timestamp":"2023-12-25T06:08:12.914Z"}
{"method":"GET","path":"/css/bootstrap.min.css","timestamp":"2023-12-25T06:08:12.923Z"}
{"method":"GET","path":"/img/user.jpg","timestamp":"2023-12-25T06:08:12.926Z"}
{"method":"GET","path":"/css/style.css","timestamp":"2023-12-25T06:08:12.924Z"}
{"method":"GET","path":"/lib/chart/chart.min.js","timestamp":"2023-12-25T06:08:12.927Z"}
{"method":"GET","path":"/lib/easing/easing.min.js","timestamp":"2023-12-25T06:08:12.934Z"}
{"method":"GET","path":"/lib/waypoints/waypoints.min.js","timestamp":"2023-12-25T06:08:12.941Z"}
{"method":"GET","path":"/lib/owlcarousel/owl.carousel.min.js","timestamp":"2023-12-25T06:08:12.952Z"}
{"method":"GET","path":"/lib/tempusdominus/js/moment.min.js","timestamp":"2023-12-25T06:08:12.960Z"}
{"method":"GET","path":"/lib/tempusdominus/js/moment-timezone.min.js","timestamp":"2023-12-25T06:08:12.963Z"}
{"method":"GET","path":"/lib/tempusdominus/js/tempusdominus-bootstrap-4.min.js","timestamp":"2023-12-25T06:08:12.969Z"}
{"method":"GET","path":"/js/main.js","timestamp":"2023-12-25T06:08:12.970Z"}
{"method":"GET","path":"/lib/owlcarousel/assets/owl.carousel.min.css","timestamp":"2023-12-25T06:18:27.868Z"}
{"method":"GET","path":"/lib/tempusdominus/css/tempusdominus-bootstrap-4.min.css","timestamp":"2023-12-25T06:18:27.895Z"}
{"method":"GET","path":"/css/bootstrap.min.css","timestamp":"2023-12-25T06:18:27.921Z"}
{"method":"GET","path":"/css/style.css","timestamp":"2023-12-25T06:18:27.923Z"}
{"method":"GET","path":"/img/user.jpg","timestamp":"2023-12-25T06:18:27.925Z"}
{"method":"GET","path":"/lib/chart/chart.min.js","timestamp":"2023-12-25T06:18:27.942Z"}
{"method":"GET","path":"/lib/easing/easing.min.js","timestamp":"2023-12-25T06:18:27.987Z"}
{"method":"GET","path":"/lib/waypoints/waypoints.min.js","timestamp":"2023-12-25T06:18:27.989Z"}
{"method":"GET","path":"/lib/owlcarousel/owl.carousel.min.js","timestamp":"2023-12-25T06:18:27.991Z"}
{"method":"GET","path":"/lib/tempusdominus/js/moment-timezone.min.js","timestamp":"2023-12-25T06:18:27.992Z"}
{"method":"GET","path":"/lib/tempusdominus/js/moment.min.js","timestamp":"2023-12-25T06:18:27.994Z"}
{"method":"GET","path":"/lib/tempusdominus/js/tempusdominus-bootstrap-4.min.js","timestamp":"2023-12-25T06:18:27.996Z"}
{"method":"GET","path":"/js/main.js","timestamp":"2023-12-25T06:18:28.031Z"}
{"method":"GET","path":"/img/favicon.ico","timestamp":"2023-12-25T06:18:29.529Z"}
{"method":"GET","path":"/lib/tempusdominus/css/tempusdominus-bootstrap-4.min.css","timestamp":"2023-12-25T06:23:47.380Z"}
{"method":"GET","path":"/lib/owlcarousel/assets/owl.carousel.min.css","timestamp":"2023-12-25T06:23:47.354Z"}
{"method":"GET","path":"/css/bootstrap.min.css","timestamp":"2023-12-25T06:23:47.384Z"}
{"method":"GET","path":"/css/style.css","timestamp":"2023-12-25T06:23:47.413Z"}
{"method":"GET","path":"/lib/chart/chart.min.js","timestamp":"2023-12-25T06:23:47.435Z"}
{"method":"GET","path":"/img/user.jpg","timestamp":"2023-12-25T06:23:47.437Z"}
{"method":"GET","path":"/lib/easing/easing.min.js","timestamp":"2023-12-25T06:23:47.478Z"}
{"method":"GET","path":"/lib/waypoints/waypoints.min.js","timestamp":"2023-12-25T06:23:47.489Z"}
{"method":"GET","path":"/lib/owlcarousel/owl.carousel.min.js","timestamp":"2023-12-25T06:23:47.510Z"}
{"method":"GET","path":"/lib/tempusdominus/js/moment.min.js","timestamp":"2023-12-25T06:23:47.571Z"}
{"method":"GET","path":"/lib/tempusdominus/js/moment-timezone.min.js","timestamp":"2023-12-25T06:23:47.584Z"}
{"method":"GET","path":"/lib/tempusdominus/js/tempusdominus-bootstrap-4.min.js","timestamp":"2023-12-25T06:23:47.587Z"}
{"method":"GET","path":"/js/main.js","timestamp":"2023-12-25T06:23:47.620Z"}
{"method":"GET","path":"/img/favicon.ico","timestamp":"2023-12-25T06:23:49.142Z"}
{"method":"GET","path":"/index.html","timestamp":"2023-12-25T06:26:13.278Z"}
{"method":"GET","path":"/lib/tempusdominus/css/tempusdominus-bootstrap-4.min.css","timestamp":"2023-12-25T06:26:13.407Z"}
{"method":"GET","path":"/lib/owlcarousel/assets/owl.carousel.min.css","timestamp":"2023-12-25T06:26:13.410Z"}
{"method":"GET","path":"/css/bootstrap.min.css","timestamp":"2023-12-25T06:26:13.420Z"}
{"method":"GET","path":"/css/style.css","timestamp":"2023-12-25T06:26:13.422Z"}
{"method":"GET","path":"/lib/chart/chart.min.js","timestamp":"2023-12-25T06:26:13.487Z"}
{"method":"GET","path":"/img/user.jpg","timestamp":"2023-12-25T06:26:13.488Z"}
{"method":"GET","path":"/lib/easing/easing.min.js","timestamp":"2023-12-25T06:26:13.519Z"}
{"method":"GET","path":"/lib/waypoints/waypoints.min.js","timestamp":"2023-12-25T06:26:13.520Z"}
{"method":"GET","path":"/lib/owlcarousel/owl.carousel.min.js","timestamp":"2023-12-25T06:26:13.521Z"}
{"method":"GET","path":"/lib/tempusdominus/js/moment.min.js","timestamp":"2023-12-25T06:26:13.522Z"}
{"method":"GET","path":"/lib/tempusdominus/js/moment-timezone.min.js","timestamp":"2023-12-25T06:26:13.523Z"}
{"method":"GET","path":"/lib/tempusdominus/js/tempusdominus-bootstrap-4.min.js","timestamp":"2023-12-25T06:26:13.524Z"}
{"method":"GET","path":"/js/main.js","timestamp":"2023-12-25T06:26:13.540Z"}
{"method":"GET","path":"/lib/owlcarousel/assets/owl.carousel.min.css","timestamp":"2023-12-25T06:27:04.683Z"}
{"method":"GET","path":"/lib/tempusdominus/css/tempusdominus-bootstrap-4.min.css","timestamp":"2023-12-25T06:27:04.706Z"}
{"method":"GET","path":"/css/style.css","timestamp":"2023-12-25T06:27:04.722Z"}
{"method":"GET","path":"/css/bootstrap.min.css","timestamp":"2023-12-25T06:27:04.721Z"}
{"method":"GET","path":"/lib/chart/chart.min.js","timestamp":"2023-12-25T06:27:04.725Z"}
{"method":"GET","path":"/img/user.jpg","timestamp":"2023-12-25T06:27:04.723Z"}
{"method":"GET","path":"/lib/easing/easing.min.js","timestamp":"2023-12-25T06:27:04.797Z"}
{"method":"GET","path":"/lib/waypoints/waypoints.min.js","timestamp":"2023-12-25T06:27:04.800Z"}
{"method":"GET","path":"/lib/tempusdominus/js/moment.min.js","timestamp":"2023-12-25T06:27:04.815Z"}
{"method":"GET","path":"/lib/owlcarousel/owl.carousel.min.js","timestamp":"2023-12-25T06:27:04.818Z"}
{"method":"GET","path":"/lib/tempusdominus/js/moment-timezone.min.js","timestamp":"2023-12-25T06:27:04.819Z"}
{"method":"GET","path":"/lib/tempusdominus/js/tempusdominus-bootstrap-4.min.js","timestamp":"2023-12-25T06:27:04.858Z"}
{"method":"GET","path":"/js/main.js","timestamp":"2023-12-25T06:27:04.876Z"}
{"method":"GET","path":"/img/favicon.ico","timestamp":"2023-12-25T06:27:06.484Z"}
{"method":"GET","path":"/index.html","timestamp":"2023-12-25T06:27:11.047Z"}
{"method":"GET","path":"/lib/owlcarousel/assets/owl.carousel.min.css","timestamp":"2023-12-25T06:27:11.130Z"}
{"method":"GET","path":"/lib/tempusdominus/css/tempusdominus-bootstrap-4.min.css","timestamp":"2023-12-25T06:27:11.134Z"}
{"method":"GET","path":"/css/bootstrap.min.css","timestamp":"2023-12-25T06:27:11.155Z"}
{"method":"GET","path":"/css/style.css","timestamp":"2023-12-25T06:27:11.156Z"}
{"method":"GET","path":"/lib/chart/chart.min.js","timestamp":"2023-12-25T06:27:11.161Z"}
{"method":"GET","path":"/img/user.jpg","timestamp":"2023-12-25T06:27:11.160Z"}
{"method":"GET","path":"/lib/easing/easing.min.js","timestamp":"2023-12-25T06:27:11.181Z"}
{"method":"GET","path":"/lib/waypoints/waypoints.min.js","timestamp":"2023-12-25T06:27:11.182Z"}
{"method":"GET","path":"/lib/owlcarousel/owl.carousel.min.js","timestamp":"2023-12-25T06:27:11.183Z"}
{"method":"GET","path":"/lib/tempusdominus/js/moment-timezone.min.js","timestamp":"2023-12-25T06:27:11.204Z"}
{"method":"GET","path":"/lib/tempusdominus/js/tempusdominus-bootstrap-4.min.js","timestamp":"2023-12-25T06:27:11.207Z"}
{"method":"GET","path":"/lib/tempusdominus/js/moment.min.js","timestamp":"2023-12-25T06:27:11.208Z"}
{"method":"GET","path":"/js/main.js","timestamp":"2023-12-25T06:27:11.214Z"}
{"method":"GET","path":"/index.html","timestamp":"2023-12-25T06:28:19.742Z"}
{"method":"GET","path":"/lib/tempusdominus/css/tempusdominus-bootstrap-4.min.css","timestamp":"2023-12-25T06:28:19.844Z"}
{"method":"GET","path":"/lib/owlcarousel/assets/owl.carousel.min.css","timestamp":"2023-12-25T06:28:19.850Z"}
{"method":"GET","path":"/css/style.css","timestamp":"2023-12-25T06:28:19.898Z"}
{"method":"GET","path":"/css/bootstrap.min.css","timestamp":"2023-12-25T06:28:19.896Z"}
{"method":"GET","path":"/img/user.jpg","timestamp":"2023-12-25T06:28:19.900Z"}
{"method":"GET","path":"/lib/chart/chart.min.js","timestamp":"2023-12-25T06:28:19.901Z"}
{"method":"GET","path":"/lib/easing/easing.min.js","timestamp":"2023-12-25T06:28:19.941Z"}
{"method":"GET","path":"/lib/waypoints/waypoints.min.js","timestamp":"2023-12-25T06:28:19.942Z"}
{"method":"GET","path":"/lib/owlcarousel/owl.carousel.min.js","timestamp":"2023-12-25T06:28:19.944Z"}
{"method":"GET","path":"/lib/tempusdominus/js/moment.min.js","timestamp":"2023-12-25T06:28:19.945Z"}
{"method":"GET","path":"/lib/tempusdominus/js/moment-timezone.min.js","timestamp":"2023-12-25T06:28:19.962Z"}
{"method":"GET","path":"/lib/tempusdominus/js/tempusdominus-bootstrap-4.min.js","timestamp":"2023-12-25T06:28:19.981Z"}
{"method":"GET","path":"/js/main.js","timestamp":"2023-12-25T06:28:20.001Z"}
{"method":"GET","path":"/button.html","timestamp":"2023-12-25T06:28:26.840Z"}
{"method":"GET","path":"/lib/owlcarousel/assets/owl.carousel.min.css","timestamp":"2023-12-25T06:28:26.934Z"}
{"method":"GET","path":"/css/style.css","timestamp":"2023-12-25T06:28:26.937Z"}
{"method":"GET","path":"/img/user.jpg","timestamp":"2023-12-25T06:28:26.946Z"}
{"method":"GET","path":"/lib/tempusdominus/css/tempusdominus-bootstrap-4.min.css","timestamp":"2023-12-25T06:28:26.947Z"}
{"method":"GET","path":"/lib/chart/chart.min.js","timestamp":"2023-12-25T06:28:26.948Z"}
{"method":"GET","path":"/css/bootstrap.min.css","timestamp":"2023-12-25T06:28:26.950Z"}
{"method":"GET","path":"/lib/easing/easing.min.js","timestamp":"2023-12-25T06:28:26.976Z"}
{"method":"GET","path":"/lib/waypoints/waypoints.min.js","timestamp":"2023-12-25T06:28:26.977Z"}
{"method":"GET","path":"/lib/owlcarousel/owl.carousel.min.js","timestamp":"2023-12-25T06:28:26.977Z"}
{"method":"GET","path":"/lib/tempusdominus/js/moment.min.js","timestamp":"2023-12-25T06:28:26.978Z"}
{"method":"GET","path":"/lib/tempusdominus/js/moment-timezone.min.js","timestamp":"2023-12-25T06:28:26.979Z"}
{"method":"GET","path":"/lib/tempusdominus/js/tempusdominus-bootstrap-4.min.js","timestamp":"2023-12-25T06:28:26.980Z"}
{"method":"GET","path":"/js/main.js","timestamp":"2023-12-25T06:28:26.999Z"}
{"method":"GET","path":"/index.html","timestamp":"2023-12-25T06:28:29.262Z"}
{"method":"GET","path":"/lib/owlcarousel/assets/owl.carousel.min.css","timestamp":"2023-12-25T06:28:29.310Z"}
{"method":"GET","path":"/css/bootstrap.min.css","timestamp":"2023-12-25T06:28:29.313Z"}
{"method":"GET","path":"/lib/tempusdominus/css/tempusdominus-bootstrap-4.min.css","timestamp":"2023-12-25T06:28:29.312Z"}
{"method":"GET","path":"/css/style.css","timestamp":"2023-12-25T06:28:29.315Z"}
{"method":"GET","path":"/img/user.jpg","timestamp":"2023-12-25T06:28:29.319Z"}
{"method":"GET","path":"/lib/chart/chart.min.js","timestamp":"2023-12-25T06:28:29.320Z"}
{"method":"GET","path":"/lib/easing/easing.min.js","timestamp":"2023-12-25T06:28:29.354Z"}
{"method":"GET","path":"/lib/waypoints/waypoints.min.js","timestamp":"2023-12-25T06:28:29.356Z"}
{"method":"GET","path":"/lib/owlcarousel/owl.carousel.min.js","timestamp":"2023-12-25T06:28:29.357Z"}
{"method":"GET","path":"/lib/tempusdominus/js/moment.min.js","timestamp":"2023-12-25T06:28:29.358Z"}
{"method":"GET","path":"/lib/tempusdominus/js/moment-timezone.min.js","timestamp":"2023-12-25T06:28:29.360Z"}
{"method":"GET","path":"/lib/tempusdominus/js/tempusdominus-bootstrap-4.min.js","timestamp":"2023-12-25T06:28:29.362Z"}
{"method":"GET","path":"/js/main.js","timestamp":"2023-12-25T06:28:29.383Z"}
{"method":"GET","path":"/index.html","timestamp":"2023-12-25T06:33:01.018Z"}
{"method":"GET","path":"/css/bootstrap.min.css","timestamp":"2023-12-25T06:33:01.145Z"}
{"method":"GET","path":"/lib/owlcarousel/assets/owl.carousel.min.css","timestamp":"2023-12-25T06:33:01.158Z"}
{"method":"GET","path":"/lib/tempusdominus/css/tempusdominus-bootstrap-4.min.css","timestamp":"2023-12-25T06:33:01.189Z"}
{"method":"GET","path":"/css/style.css","timestamp":"2023-12-25T06:33:01.202Z"}
{"method":"GET","path":"/img/user.jpg","timestamp":"2023-12-25T06:33:01.202Z"}
{"method":"GET","path":"/lib/chart/chart.min.js","timestamp":"2023-12-25T06:33:01.205Z"}
{"method":"GET","path":"/lib/easing/easing.min.js","timestamp":"2023-12-25T06:33:01.226Z"}
{"method":"GET","path":"/lib/waypoints/waypoints.min.js","timestamp":"2023-12-25T06:33:01.229Z"}
{"method":"GET","path":"/lib/tempusdominus/js/moment.min.js","timestamp":"2023-12-25T06:33:01.265Z"}
{"method":"GET","path":"/lib/tempusdominus/js/tempusdominus-bootstrap-4.min.js","timestamp":"2023-12-25T06:33:01.266Z"}
{"method":"GET","path":"/lib/owlcarousel/owl.carousel.min.js","timestamp":"2023-12-25T06:33:01.268Z"}
{"method":"GET","path":"/js/main.js","timestamp":"2023-12-25T06:33:01.276Z"}
{"method":"GET","path":"/lib/tempusdominus/js/moment-timezone.min.js","timestamp":"2023-12-25T06:33:01.277Z"}
{"method":"GET","path":"/index.html","timestamp":"2023-12-25T06:33:39.124Z"}
{"method":"GET","path":"/css/bootstrap.min.css","timestamp":"2023-12-25T06:33:39.394Z"}
{"method":"GET","path":"/lib/owlcarousel/assets/owl.carousel.min.css","timestamp":"2023-12-25T06:33:39.476Z"}
{"method":"GET","path":"/css/style.css","timestamp":"2023-12-25T06:33:39.478Z"}
{"method":"GET","path":"/lib/tempusdominus/css/tempusdominus-bootstrap-4.min.css","timestamp":"2023-12-25T06:33:39.484Z"}
{"method":"GET","path":"/img/user.jpg","timestamp":"2023-12-25T06:33:39.486Z"}
{"method":"GET","path":"/lib/chart/chart.min.js","timestamp":"2023-12-25T06:33:39.552Z"}
{"method":"GET","path":"/lib/easing/easing.min.js","timestamp":"2023-12-25T06:33:39.673Z"}
{"method":"GET","path":"/lib/waypoints/waypoints.min.js","timestamp":"2023-12-25T06:33:39.734Z"}
{"method":"GET","path":"/lib/tempusdominus/js/tempusdominus-bootstrap-4.min.js","timestamp":"2023-12-25T06:33:39.737Z"}
{"method":"GET","path":"/lib/tempusdominus/js/moment-timezone.min.js","timestamp":"2023-12-25T06:33:39.738Z"}
{"method":"GET","path":"/lib/owlcarousel/owl.carousel.min.js","timestamp":"2023-12-25T06:33:39.740Z"}
{"method":"GET","path":"/lib/tempusdominus/js/moment.min.js","timestamp":"2023-12-25T06:33:39.783Z"}
{"method":"GET","path":"/js/main.js","timestamp":"2023-12-25T06:33:39.782Z"}
{"method":"GET","path":"/index.html","timestamp":"2023-12-25T06:33:57.822Z"}
{"method":"GET","path":"/lib/tempusdominus/css/tempusdominus-bootstrap-4.min.css","timestamp":"2023-12-25T06:33:57.994Z"}
{"method":"GET","path":"/lib/owlcarousel/assets/owl.carousel.min.css","timestamp":"2023-12-25T06:33:58.012Z"}
{"method":"GET","path":"/css/style.css","timestamp":"2023-12-25T06:33:58.043Z"}
{"method":"GET","path":"/img/user.jpg","timestamp":"2023-12-25T06:33:58.045Z"}
{"method":"GET","path":"/css/bootstrap.min.css","timestamp":"2023-12-25T06:33:58.055Z"}
{"method":"GET","path":"/lib/chart/chart.min.js","timestamp":"2023-12-25T06:33:58.057Z"}
{"method":"GET","path":"/lib/easing/easing.min.js","timestamp":"2023-12-25T06:33:58.096Z"}
{"method":"GET","path":"/lib/waypoints/waypoints.min.js","timestamp":"2023-12-25T06:33:58.098Z"}
{"method":"GET","path":"/lib/owlcarousel/owl.carousel.min.js","timestamp":"2023-12-25T06:33:58.104Z"}
{"method":"GET","path":"/lib/tempusdominus/js/moment.min.js","timestamp":"2023-12-25T06:33:58.109Z"}
{"method":"GET","path":"/lib/tempusdominus/js/moment-timezone.min.js","timestamp":"2023-12-25T06:33:58.111Z"}
{"method":"GET","path":"/lib/tempusdominus/js/tempusdominus-bootstrap-4.min.js","timestamp":"2023-12-25T06:33:58.133Z"}
{"method":"GET","path":"/js/main.js","timestamp":"2023-12-25T06:33:58.141Z"}
{"method":"GET","path":"/index.html","timestamp":"2023-12-25T06:34:31.026Z"}
{"method":"GET","path":"/lib/tempusdominus/css/tempusdominus-bootstrap-4.min.css","timestamp":"2023-12-25T06:34:31.127Z"}
{"method":"GET","path":"/lib/owlcarousel/assets/owl.carousel.min.css","timestamp":"2023-12-25T06:34:31.132Z"}
{"method":"GET","path":"/css/style.css","timestamp":"2023-12-25T06:34:31.138Z"}
{"method":"GET","path":"/lib/chart/chart.min.js","timestamp":"2023-12-25T06:34:31.149Z"}
{"method":"GET","path":"/css/bootstrap.min.css","timestamp":"2023-12-25T06:34:31.152Z"}
{"method":"GET","path":"/img/user.jpg","timestamp":"2023-12-25T06:34:31.184Z"}
{"method":"GET","path":"/lib/waypoints/waypoints.min.js","timestamp":"2023-12-25T06:34:31.265Z"}
{"method":"GET","path":"/lib/owlcarousel/owl.carousel.min.js","timestamp":"2023-12-25T06:34:31.269Z"}
{"method":"GET","path":"/lib/easing/easing.min.js","timestamp":"2023-12-25T06:34:31.273Z"}
{"method":"GET","path":"/lib/tempusdominus/js/moment-timezone.min.js","timestamp":"2023-12-25T06:34:31.291Z"}
{"method":"GET","path":"/lib/tempusdominus/js/tempusdominus-bootstrap-4.min.js","timestamp":"2023-12-25T06:34:31.292Z"}
{"method":"GET","path":"/lib/tempusdominus/js/moment.min.js","timestamp":"2023-12-25T06:34:31.290Z"}
{"method":"GET","path":"/js/main.js","timestamp":"2023-12-25T06:34:31.311Z"}
{"method":"GET","path":"/index.html","timestamp":"2023-12-25T06:35:51.233Z"}
{"method":"GET","path":"/lib/owlcarousel/assets/owl.carousel.min.css","timestamp":"2023-12-25T06:35:51.473Z"}
{"method":"GET","path":"/css/bootstrap.min.css","timestamp":"2023-12-25T06:35:51.477Z"}
{"method":"GET","path":"/css/style.css","timestamp":"2023-12-25T06:35:51.491Z"}
{"method":"GET","path":"/img/user.jpg","timestamp":"2023-12-25T06:35:51.492Z"}
{"method":"GET","path":"/lib/chart/chart.min.js","timestamp":"2023-12-25T06:35:51.514Z"}
{"method":"GET","path":"/lib/tempusdominus/css/tempusdominus-bootstrap-4.min.css","timestamp":"2023-12-25T06:35:51.524Z"}
{"method":"GET","path":"/lib/easing/easing.min.js","timestamp":"2023-12-25T06:35:51.538Z"}
{"method":"GET","path":"/lib/waypoints/waypoints.min.js","timestamp":"2023-12-25T06:35:51.542Z"}
{"method":"GET","path":"/lib/owlcarousel/owl.carousel.min.js","timestamp":"2023-12-25T06:35:51.544Z"}
{"method":"GET","path":"/lib/tempusdominus/js/moment-timezone.min.js","timestamp":"2023-12-25T06:35:51.545Z"}
{"method":"GET","path":"/lib/tempusdominus/js/moment.min.js","timestamp":"2023-12-25T06:35:51.548Z"}
{"method":"GET","path":"/lib/tempusdominus/js/tempusdominus-bootstrap-4.min.js","timestamp":"2023-12-25T06:35:51.578Z"}
{"method":"GET","path":"/js/main.js","timestamp":"2023-12-25T06:35:51.579Z"}
{"method":"GET","path":"/index.html","timestamp":"2023-12-25T06:36:39.357Z"}
{"method":"GET","path":"/css/bootstrap.min.css","timestamp":"2023-12-25T06:36:39.502Z"}
{"method":"GET","path":"/lib/tempusdominus/css/tempusdominus-bootstrap-4.min.css","timestamp":"2023-12-25T06:36:39.493Z"}
{"method":"GET","path":"/img/user.jpg","timestamp":"2023-12-25T06:36:39.495Z"}
{"method":"GET","path":"/lib/chart/chart.min.js","timestamp":"2023-12-25T06:36:39.545Z"}
{"method":"GET","path":"/lib/owlcarousel/assets/owl.carousel.min.css","timestamp":"2023-12-25T06:36:39.544Z"}
{"method":"GET","path":"/css/style.css","timestamp":"2023-12-25T06:36:39.548Z"}
{"method":"GET","path":"/lib/waypoints/waypoints.min.js","timestamp":"2023-12-25T06:36:39.600Z"}
{"method":"GET","path":"/lib/owlcarousel/owl.carousel.min.js","timestamp":"2023-12-25T06:36:39.603Z"}
{"method":"GET","path":"/lib/easing/easing.min.js","timestamp":"2023-12-25T06:36:39.602Z"}
{"method":"GET","path":"/lib/tempusdominus/js/moment.min.js","timestamp":"2023-12-25T06:36:39.604Z"}
{"method":"GET","path":"/lib/tempusdominus/js/moment-timezone.min.js","timestamp":"2023-12-25T06:36:39.637Z"}
{"method":"GET","path":"/lib/tempusdominus/js/tempusdominus-bootstrap-4.min.js","timestamp":"2023-12-25T06:36:39.635Z"}
{"method":"GET","path":"/js/main.js","timestamp":"2023-12-25T06:36:39.638Z"}
{"method":"GET","path":"/index.html","timestamp":"2023-12-25T06:37:11.857Z"}
{"method":"GET","path":"/lib/owlcarousel/assets/owl.carousel.min.css","timestamp":"2023-12-25T06:37:12.053Z"}
{"method":"GET","path":"/img/user.jpg","timestamp":"2023-12-25T06:37:12.062Z"}
{"method":"GET","path":"/css/style.css","timestamp":"2023-12-25T06:37:12.057Z"}
{"method":"GET","path":"/lib/tempusdominus/css/tempusdominus-bootstrap-4.min.css","timestamp":"2023-12-25T06:37:12.055Z"}
{"method":"GET","path":"/css/bootstrap.min.css","timestamp":"2023-12-25T06:37:12.113Z"}
{"method":"GET","path":"/lib/chart/chart.min.js","timestamp":"2023-12-25T06:37:12.149Z"}
{"method":"GET","path":"/lib/easing/easing.min.js","timestamp":"2023-12-25T06:37:12.156Z"}
{"method":"GET","path":"/lib/owlcarousel/owl.carousel.min.js","timestamp":"2023-12-25T06:37:12.164Z"}
{"method":"GET","path":"/lib/tempusdominus/js/moment-timezone.min.js","timestamp":"2023-12-25T06:37:12.165Z"}
{"method":"GET","path":"/lib/tempusdominus/js/moment.min.js","timestamp":"2023-12-25T06:37:12.180Z"}
{"method":"GET","path":"/lib/waypoints/waypoints.min.js","timestamp":"2023-12-25T06:37:12.179Z"}
{"method":"GET","path":"/lib/tempusdominus/js/tempusdominus-bootstrap-4.min.js","timestamp":"2023-12-25T06:37:12.182Z"}
{"method":"GET","path":"/js/main.js","timestamp":"2023-12-25T06:37:12.195Z"}
{"method":"GET","path":"/widget.html","timestamp":"2023-12-25T06:38:15.643Z"}
{"method":"GET","path":"/lib/owlcarousel/assets/owl.carousel.min.css","timestamp":"2023-12-25T06:38:15.780Z"}
{"method":"GET","path":"/lib/chart/chart.min.js","timestamp":"2023-12-25T06:38:15.791Z"}
{"method":"GET","path":"/css/style.css","timestamp":"2023-12-25T06:38:15.795Z"}
{"method":"GET","path":"/img/user.jpg","timestamp":"2023-12-25T06:38:15.819Z"}
{"method":"GET","path":"/lib/tempusdominus/css/tempusdominus-bootstrap-4.min.css","timestamp":"2023-12-25T06:38:15.883Z"}
{"method":"GET","path":"/css/bootstrap.min.css","timestamp":"2023-12-25T06:38:15.884Z"}
{"method":"GET","path":"/lib/waypoints/waypoints.min.js","timestamp":"2023-12-25T06:38:15.885Z"}
{"method":"GET","path":"/lib/easing/easing.min.js","timestamp":"2023-12-25T06:38:15.913Z"}
{"method":"GET","path":"/lib/tempusdominus/js/moment.min.js","timestamp":"2023-12-25T06:38:15.920Z"}
{"method":"GET","path":"/lib/owlcarousel/owl.carousel.min.js","timestamp":"2023-12-25T06:38:15.918Z"}
{"method":"GET","path":"/lib/tempusdominus/js/moment-timezone.min.js","timestamp":"2023-12-25T06:38:15.921Z"}
{"method":"GET","path":"/lib/tempusdominus/js/tempusdominus-bootstrap-4.min.js","timestamp":"2023-12-25T06:38:15.923Z"}
{"method":"GET","path":"/js/main.js","timestamp":"2023-12-25T06:38:15.929Z"}
{"method":"GET","path":"/img/testimonial-1.jpg","timestamp":"2023-12-25T06:38:15.933Z"}
{"method":"GET","path":"/img/testimonial-2.jpg","timestamp":"2023-12-25T06:38:15.948Z"}
{"method":"GET","path":"/table.html","timestamp":"2023-12-25T06:38:55.102Z"}
{"method":"GET","path":"/lib/tempusdominus/css/tempusdominus-bootstrap-4.min.css","timestamp":"2023-12-25T06:38:55.267Z"}
{"method":"GET","path":"/css/bootstrap.min.css","timestamp":"2023-12-25T06:38:55.268Z"}
{"method":"GET","path":"/lib/owlcarousel/assets/owl.carousel.min.css","timestamp":"2023-12-25T06:38:55.278Z"}
{"method":"GET","path":"/css/style.css","timestamp":"2023-12-25T06:38:55.286Z"}
{"method":"GET","path":"/img/user.jpg","timestamp":"2023-12-25T06:38:55.302Z"}
{"method":"GET","path":"/lib/chart/chart.min.js","timestamp":"2023-12-25T06:38:55.304Z"}
{"method":"GET","path":"/lib/easing/easing.min.js","timestamp":"2023-12-25T06:38:55.329Z"}
{"method":"GET","path":"/lib/waypoints/waypoints.min.js","timestamp":"2023-12-25T06:38:55.330Z"}
{"method":"GET","path":"/lib/tempusdominus/js/moment.min.js","timestamp":"2023-12-25T06:38:55.331Z"}
{"method":"GET","path":"/lib/owlcarousel/owl.carousel.min.js","timestamp":"2023-12-25T06:38:55.330Z"}
{"method":"GET","path":"/lib/tempusdominus/js/moment-timezone.min.js","timestamp":"2023-12-25T06:38:55.332Z"}
{"method":"GET","path":"/lib/tempusdominus/js/tempusdominus-bootstrap-4.min.js","timestamp":"2023-12-25T06:38:55.333Z"}
{"method":"GET","path":"/js/main.js","timestamp":"2023-12-25T06:38:55.422Z"}
{"method":"GET","path":"/index.html","timestamp":"2023-12-25T06:39:09.602Z"}
{"method":"GET","path":"/lib/owlcarousel/assets/owl.carousel.min.css","timestamp":"2023-12-25T06:39:09.678Z"}
{"method":"GET","path":"/lib/tempusdominus/css/tempusdominus-bootstrap-4.min.css","timestamp":"2023-12-25T06:39:09.680Z"}
{"method":"GET","path":"/css/bootstrap.min.css","timestamp":"2023-12-25T06:39:09.681Z"}
{"method":"GET","path":"/css/style.css","timestamp":"2023-12-25T06:39:09.682Z"}
{"method":"GET","path":"/img/user.jpg","timestamp":"2023-12-25T06:39:09.696Z"}
{"method":"GET","path":"/lib/chart/chart.min.js","timestamp":"2023-12-25T06:39:09.700Z"}
{"method":"GET","path":"/lib/easing/easing.min.js","timestamp":"2023-12-25T06:39:09.701Z"}
{"method":"GET","path":"/lib/owlcarousel/owl.carousel.min.js","timestamp":"2023-12-25T06:39:09.707Z"}
{"method":"GET","path":"/lib/waypoints/waypoints.min.js","timestamp":"2023-12-25T06:39:09.708Z"}
{"method":"GET","path":"/lib/tempusdominus/js/moment.min.js","timestamp":"2023-12-25T06:39:09.709Z"}
{"method":"GET","path":"/lib/tempusdominus/js/moment-timezone.min.js","timestamp":"2023-12-25T06:39:09.711Z"}
{"method":"GET","path":"/lib/tempusdominus/js/tempusdominus-bootstrap-4.min.js","timestamp":"2023-12-25T06:39:09.730Z"}
{"method":"GET","path":"/js/main.js","timestamp":"2023-12-25T06:39:09.730Z"}
{"method":"GET","path":"/form.html","timestamp":"2023-12-25T06:39:14.731Z"}
{"method":"GET","path":"/css/bootstrap.min.css","timestamp":"2023-12-25T06:39:14.787Z"}
{"method":"GET","path":"/css/style.css","timestamp":"2023-12-25T06:39:14.791Z"}
{"method":"GET","path":"/lib/owlcarousel/assets/owl.carousel.min.css","timestamp":"2023-12-25T06:39:14.825Z"}
{"method":"GET","path":"/lib/tempusdominus/css/tempusdominus-bootstrap-4.min.css","timestamp":"2023-12-25T06:39:14.827Z"}
{"method":"GET","path":"/img/user.jpg","timestamp":"2023-12-25T06:39:14.828Z"}
{"method":"GET","path":"/lib/chart/chart.min.js","timestamp":"2023-12-25T06:39:14.843Z"}
{"method":"GET","path":"/lib/easing/easing.min.js","timestamp":"2023-12-25T06:39:14.856Z"}
{"method":"GET","path":"/lib/waypoints/waypoints.min.js","timestamp":"2023-12-25T06:39:14.857Z"}
{"method":"GET","path":"/lib/tempusdominus/js/moment.min.js","timestamp":"2023-12-25T06:39:14.858Z"}
{"method":"GET","path":"/lib/owlcarousel/owl.carousel.min.js","timestamp":"2023-12-25T06:39:14.859Z"}
{"method":"GET","path":"/lib/tempusdominus/js/moment-timezone.min.js","timestamp":"2023-12-25T06:39:14.860Z"}
{"method":"GET","path":"/lib/tempusdominus/js/tempusdominus-bootstrap-4.min.js","timestamp":"2023-12-25T06:39:14.866Z"}
{"method":"GET","path":"/js/main.js","timestamp":"2023-12-25T06:39:14.889Z"}
{"method":"GET","path":"/signin.html","timestamp":"2023-12-25T06:39:24.891Z"}
{"method":"GET","path":"/css/bootstrap.min.css","timestamp":"2023-12-25T06:39:24.982Z"}
{"method":"GET","path":"/lib/tempusdominus/css/tempusdominus-bootstrap-4.min.css","timestamp":"2023-12-25T06:39:24.985Z"}
{"method":"GET","path":"/lib/owlcarousel/assets/owl.carousel.min.css","timestamp":"2023-12-25T06:39:24.996Z"}
{"method":"GET","path":"/lib/chart/chart.min.js","timestamp":"2023-12-25T06:39:24.997Z"}
{"method":"GET","path":"/css/style.css","timestamp":"2023-12-25T06:39:25.000Z"}
{"method":"GET","path":"/lib/waypoints/waypoints.min.js","timestamp":"2023-12-25T06:39:25.002Z"}
{"method":"GET","path":"/lib/owlcarousel/owl.carousel.min.js","timestamp":"2023-12-25T06:39:25.017Z"}
{"method":"GET","path":"/lib/tempusdominus/js/moment.min.js","timestamp":"2023-12-25T06:39:25.019Z"}
{"method":"GET","path":"/lib/tempusdominus/js/moment-timezone.min.js","timestamp":"2023-12-25T06:39:25.020Z"}
{"method":"GET","path":"/lib/easing/easing.min.js","timestamp":"2023-12-25T06:39:25.021Z"}
{"method":"GET","path":"/lib/tempusdominus/js/tempusdominus-bootstrap-4.min.js","timestamp":"2023-12-25T06:39:25.021Z"}
{"method":"GET","path":"/js/main.js","timestamp":"2023-12-25T06:39:25.022Z"}
{"method":"GET","path":"/button.html","timestamp":"2023-12-25T06:39:40.790Z"}
{"method":"GET","path":"/lib/owlcarousel/assets/owl.carousel.min.css","timestamp":"2023-12-25T06:39:40.850Z"}
{"method":"GET","path":"/lib/tempusdominus/css/tempusdominus-bootstrap-4.min.css","timestamp":"2023-12-25T06:39:40.851Z"}
{"method":"GET","path":"/css/style.css","timestamp":"2023-12-25T06:39:40.854Z"}
{"method":"GET","path":"/css/bootstrap.min.css","timestamp":"2023-12-25T06:39:40.853Z"}
{"method":"GET","path":"/lib/chart/chart.min.js","timestamp":"2023-12-25T06:39:40.871Z"}
{"method":"GET","path":"/lib/easing/easing.min.js","timestamp":"2023-12-25T06:39:40.872Z"}
{"method":"GET","path":"/img/user.jpg","timestamp":"2023-12-25T06:39:40.873Z"}
{"method":"GET","path":"/lib/waypoints/waypoints.min.js","timestamp":"2023-12-25T06:39:40.875Z"}
{"method":"GET","path":"/lib/owlcarousel/owl.carousel.min.js","timestamp":"2023-12-25T06:39:40.876Z"}
{"method":"GET","path":"/lib/tempusdominus/js/moment.min.js","timestamp":"2023-12-25T06:39:40.881Z"}
{"method":"GET","path":"/lib/tempusdominus/js/moment-timezone.min.js","timestamp":"2023-12-25T06:39:40.891Z"}
{"method":"GET","path":"/lib/tempusdominus/js/tempusdominus-bootstrap-4.min.js","timestamp":"2023-12-25T06:39:40.892Z"}
{"method":"GET","path":"/js/main.js","timestamp":"2023-12-25T06:39:40.894Z"}
{"method":"GET","path":"/index.html","timestamp":"2023-12-25T06:39:51.156Z"}
{"method":"GET","path":"/lib/owlcarousel/assets/owl.carousel.min.css","timestamp":"2023-12-25T06:39:51.219Z"}
{"method":"GET","path":"/lib/tempusdominus/css/tempusdominus-bootstrap-4.min.css","timestamp":"2023-12-25T06:39:51.221Z"}
{"method":"GET","path":"/css/bootstrap.min.css","timestamp":"2023-12-25T06:39:51.232Z"}
{"method":"GET","path":"/css/style.css","timestamp":"2023-12-25T06:39:51.233Z"}
{"method":"GET","path":"/img/user.jpg","timestamp":"2023-12-25T06:39:51.236Z"}
{"method":"GET","path":"/lib/chart/chart.min.js","timestamp":"2023-12-25T06:39:51.249Z"}
{"method":"GET","path":"/lib/easing/easing.min.js","timestamp":"2023-12-25T06:39:51.250Z"}
{"method":"GET","path":"/lib/waypoints/waypoints.min.js","timestamp":"2023-12-25T06:39:51.253Z"}
{"method":"GET","path":"/lib/tempusdominus/js/moment.min.js","timestamp":"2023-12-25T06:39:51.262Z"}
{"method":"GET","path":"/lib/owlcarousel/owl.carousel.min.js","timestamp":"2023-12-25T06:39:51.261Z"}
{"method":"GET","path":"/lib/tempusdominus/js/moment-timezone.min.js","timestamp":"2023-12-25T06:39:51.268Z"}
{"method":"GET","path":"/lib/tempusdominus/js/tempusdominus-bootstrap-4.min.js","timestamp":"2023-12-25T06:39:51.269Z"}
{"method":"GET","path":"/js/main.js","timestamp":"2023-12-25T06:39:51.270Z"}
{"method":"GET","path":"/index.html","timestamp":"2023-12-25T06:40:47.446Z"}
{"method":"GET","path":"/lib/owlcarousel/assets/owl.carousel.min.css","timestamp":"2023-12-25T06:40:47.670Z"}
{"method":"GET","path":"/css/style.css","timestamp":"2023-12-25T06:40:47.673Z"}
{"method":"GET","path":"/lib/tempusdominus/css/tempusdominus-bootstrap-4.min.css","timestamp":"2023-12-25T06:40:47.678Z"}
{"method":"GET","path":"/css/bootstrap.min.css","timestamp":"2023-12-25T06:40:47.679Z"}
{"method":"GET","path":"/lib/chart/chart.min.js","timestamp":"2023-12-25T06:40:47.733Z"}
{"method":"GET","path":"/lib/waypoints/waypoints.min.js","timestamp":"2023-12-25T06:40:47.738Z"}
{"method":"GET","path":"/lib/tempusdominus/js/moment.min.js","timestamp":"2023-12-25T06:40:47.739Z"}
{"method":"GET","path":"/img/user.jpg","timestamp":"2023-12-25T06:40:47.756Z"}
{"method":"GET","path":"/lib/easing/easing.min.js","timestamp":"2023-12-25T06:40:47.789Z"}
{"method":"GET","path":"/lib/owlcarousel/owl.carousel.min.js","timestamp":"2023-12-25T06:40:47.790Z"}
{"method":"GET","path":"/lib/tempusdominus/js/moment-timezone.min.js","timestamp":"2023-12-25T06:40:47.795Z"}
{"method":"GET","path":"/lib/tempusdominus/js/tempusdominus-bootstrap-4.min.js","timestamp":"2023-12-25T06:40:47.802Z"}
{"method":"GET","path":"/js/main.js","timestamp":"2023-12-25T06:40:47.807Z"}
{"method":"GET","path":"/index.html","timestamp":"2023-12-25T06:41:51.184Z"}
{"method":"GET","path":"/lib/tempusdominus/css/tempusdominus-bootstrap-4.min.css","timestamp":"2023-12-25T06:41:51.425Z"}
{"method":"GET","path":"/lib/owlcarousel/assets/owl.carousel.min.css","timestamp":"2023-12-25T06:41:51.425Z"}
{"method":"GET","path":"/css/style.css","timestamp":"2023-12-25T06:41:51.442Z"}
{"method":"GET","path":"/css/bootstrap.min.css","timestamp":"2023-12-25T06:41:51.447Z"}
{"method":"GET","path":"/img/user.jpg","timestamp":"2023-12-25T06:41:51.497Z"}
{"method":"GET","path":"/lib/chart/chart.min.js","timestamp":"2023-12-25T06:41:51.500Z"}
{"method":"GET","path":"/lib/easing/easing.min.js","timestamp":"2023-12-25T06:41:51.554Z"}
{"method":"GET","path":"/lib/waypoints/waypoints.min.js","timestamp":"2023-12-25T06:41:51.556Z"}
{"method":"GET","path":"/lib/owlcarousel/owl.carousel.min.js","timestamp":"2023-12-25T06:41:51.557Z"}
{"method":"GET","path":"/lib/tempusdominus/js/moment-timezone.min.js","timestamp":"2023-12-25T06:41:51.558Z"}
{"method":"GET","path":"/lib/tempusdominus/js/moment.min.js","timestamp":"2023-12-25T06:41:51.597Z"}
{"method":"GET","path":"/lib/tempusdominus/js/tempusdominus-bootstrap-4.min.js","timestamp":"2023-12-25T06:41:51.600Z"}
{"method":"GET","path":"/js/main.js","timestamp":"2023-12-25T06:41:51.615Z"}
{"method":"GET","path":"/index.html","timestamp":"2023-12-25T06:42:30.002Z"}
{"method":"GET","path":"/lib/owlcarousel/assets/owl.carousel.min.css","timestamp":"2023-12-25T06:42:30.136Z"}
{"method":"GET","path":"/lib/tempusdominus/css/tempusdominus-bootstrap-4.min.css","timestamp":"2023-12-25T06:42:30.138Z"}
{"method":"GET","path":"/css/style.css","timestamp":"2023-12-25T06:42:30.140Z"}
{"method":"GET","path":"/css/bootstrap.min.css","timestamp":"2023-12-25T06:42:30.143Z"}
{"method":"GET","path":"/lib/chart/chart.min.js","timestamp":"2023-12-25T06:42:30.166Z"}
{"method":"GET","path":"/img/user.jpg","timestamp":"2023-12-25T06:42:30.170Z"}
{"method":"GET","path":"/lib/easing/easing.min.js","timestamp":"2023-12-25T06:42:30.172Z"}
{"method":"GET","path":"/lib/waypoints/waypoints.min.js","timestamp":"2023-12-25T06:42:30.174Z"}
{"method":"GET","path":"/lib/owlcarousel/owl.carousel.min.js","timestamp":"2023-12-25T06:42:30.184Z"}
{"method":"GET","path":"/lib/tempusdominus/js/moment.min.js","timestamp":"2023-12-25T06:42:30.197Z"}
{"method":"GET","path":"/lib/tempusdominus/js/moment-timezone.min.js","timestamp":"2023-12-25T06:42:30.214Z"}
{"method":"GET","path":"/lib/tempusdominus/js/tempusdominus-bootstrap-4.min.js","timestamp":"2023-12-25T06:42:30.215Z"}
{"method":"GET","path":"/js/main.js","timestamp":"2023-12-25T06:42:30.222Z"}
{"method":"GET","path":"/index.html","timestamp":"2023-12-25T06:43:16.326Z"}
{"method":"GET","path":"/lib/owlcarousel/assets/owl.carousel.min.css","timestamp":"2023-12-25T06:43:16.525Z"}
{"method":"GET","path":"/lib/tempusdominus/css/tempusdominus-bootstrap-4.min.css","timestamp":"2023-12-25T06:43:16.550Z"}
{"method":"GET","path":"/css/bootstrap.min.css","timestamp":"2023-12-25T06:43:16.553Z"}
{"method":"GET","path":"/css/style.css","timestamp":"2023-12-25T06:43:16.557Z"}
{"method":"GET","path":"/img/user.jpg","timestamp":"2023-12-25T06:43:16.577Z"}
{"method":"GET","path":"/lib/chart/chart.min.js","timestamp":"2023-12-25T06:43:16.578Z"}
{"method":"GET","path":"/lib/waypoints/waypoints.min.js","timestamp":"2023-12-25T06:43:16.584Z"}
{"method":"GET","path":"/lib/owlcarousel/owl.carousel.min.js","timestamp":"2023-12-25T06:43:16.585Z"}
{"method":"GET","path":"/lib/easing/easing.min.js","timestamp":"2023-12-25T06:43:16.589Z"}
{"method":"GET","path":"/lib/tempusdominus/js/moment.min.js","timestamp":"2023-12-25T06:43:16.610Z"}
{"method":"GET","path":"/lib/tempusdominus/js/moment-timezone.min.js","timestamp":"2023-12-25T06:43:16.621Z"}
{"method":"GET","path":"/lib/tempusdominus/js/tempusdominus-bootstrap-4.min.js","timestamp":"2023-12-25T06:43:16.628Z"}
{"method":"GET","path":"/js/main.js","timestamp":"2023-12-25T06:43:16.646Z"}
{"method":"GET","path":"/index.html","timestamp":"2023-12-25T06:43:18.151Z"}
{"method":"GET","path":"/lib/owlcarousel/assets/owl.carousel.min.css","timestamp":"2023-12-25T06:43:18.191Z"}
{"method":"GET","path":"/lib/tempusdominus/css/tempusdominus-bootstrap-4.min.css","timestamp":"2023-12-25T06:43:18.194Z"}
{"method":"GET","path":"/css/bootstrap.min.css","timestamp":"2023-12-25T06:43:18.199Z"}
{"method":"GET","path":"/css/style.css","timestamp":"2023-12-25T06:43:18.201Z"}
{"method":"GET","path":"/lib/easing/easing.min.js","timestamp":"2023-12-25T06:43:18.238Z"}
{"method":"GET","path":"/img/user.jpg","timestamp":"2023-12-25T06:43:18.236Z"}
{"method":"GET","path":"/lib/chart/chart.min.js","timestamp":"2023-12-25T06:43:18.237Z"}
{"method":"GET","path":"/lib/waypoints/waypoints.min.js","timestamp":"2023-12-25T06:43:18.239Z"}
{"method":"GET","path":"/lib/owlcarousel/owl.carousel.min.js","timestamp":"2023-12-25T06:43:18.240Z"}
{"method":"GET","path":"/lib/tempusdominus/js/moment.min.js","timestamp":"2023-12-25T06:43:18.240Z"}
{"method":"GET","path":"/lib/tempusdominus/js/moment-timezone.min.js","timestamp":"2023-12-25T06:43:18.256Z"}
{"method":"GET","path":"/lib/tempusdominus/js/tempusdominus-bootstrap-4.min.js","timestamp":"2023-12-25T06:43:18.281Z"}
{"method":"GET","path":"/js/main.js","timestamp":"2023-12-25T06:43:18.282Z"}
{"method":"GET","path":"/index.html","timestamp":"2023-12-25T06:43:59.752Z"}
{"method":"GET","path":"/lib/owlcarousel/assets/owl.carousel.min.css","timestamp":"2023-12-25T06:43:59.873Z"}
{"method":"GET","path":"/lib/tempusdominus/css/tempusdominus-bootstrap-4.min.css","timestamp":"2023-12-25T06:43:59.874Z"}
{"method":"GET","path":"/css/bootstrap.min.css","timestamp":"2023-12-25T06:43:59.879Z"}
{"method":"GET","path":"/css/style.css","timestamp":"2023-12-25T06:43:59.894Z"}
{"method":"GET","path":"/lib/chart/chart.min.js","timestamp":"2023-12-25T06:43:59.914Z"}
{"method":"GET","path":"/lib/waypoints/waypoints.min.js","timestamp":"2023-12-25T06:43:59.925Z"}
{"method":"GET","path":"/img/user.jpg","timestamp":"2023-12-25T06:43:59.924Z"}
{"method":"GET","path":"/lib/owlcarousel/owl.carousel.min.js","timestamp":"2023-12-25T06:43:59.927Z"}
{"method":"GET","path":"/lib/easing/easing.min.js","timestamp":"2023-12-25T06:43:59.936Z"}
{"method":"GET","path":"/lib/tempusdominus/js/moment.min.js","timestamp":"2023-12-25T06:43:59.949Z"}
{"method":"GET","path":"/lib/tempusdominus/js/moment-timezone.min.js","timestamp":"2023-12-25T06:43:59.951Z"}
{"method":"GET","path":"/lib/tempusdominus/js/tempusdominus-bootstrap-4.min.js","timestamp":"2023-12-25T06:43:59.953Z"}
{"method":"GET","path":"/js/main.js","timestamp":"2023-12-25T06:43:59.960Z"}
{"method":"GET","path":"/index.html","timestamp":"2023-12-25T06:44:33.077Z"}
{"method":"GET","path":"/lib/owlcarousel/assets/owl.carousel.min.css","timestamp":"2023-12-25T06:44:33.263Z"}
{"method":"GET","path":"/lib/tempusdominus/css/tempusdominus-bootstrap-4.min.css","timestamp":"2023-12-25T06:44:33.272Z"}
{"method":"GET","path":"/css/bootstrap.min.css","timestamp":"2023-12-25T06:44:33.276Z"}
{"method":"GET","path":"/css/style.css","timestamp":"2023-12-25T06:44:33.291Z"}
{"method":"GET","path":"/lib/owlcarousel/owl.carousel.min.js","timestamp":"2023-12-25T06:44:33.320Z"}
{"method":"GET","path":"/lib/chart/chart.min.js","timestamp":"2023-12-25T06:44:33.341Z"}
{"method":"GET","path":"/img/user.jpg","timestamp":"2023-12-25T06:44:33.343Z"}
{"method":"GET","path":"/lib/waypoints/waypoints.min.js","timestamp":"2023-12-25T06:44:33.344Z"}
{"method":"GET","path":"/lib/easing/easing.min.js","timestamp":"2023-12-25T06:44:33.348Z"}
{"method":"GET","path":"/lib/tempusdominus/js/moment.min.js","timestamp":"2023-12-25T06:44:33.481Z"}
{"method":"GET","path":"/lib/tempusdominus/js/tempusdominus-bootstrap-4.min.js","timestamp":"2023-12-25T06:44:33.485Z"}
{"method":"GET","path":"/lib/tempusdominus/js/moment-timezone.min.js","timestamp":"2023-12-25T06:44:33.483Z"}
{"method":"GET","path":"/js/main.js","timestamp":"2023-12-25T06:44:33.487Z"}
{"method":"GET","path":"/lib/owlcarousel/assets/owl.carousel.min.css","timestamp":"2023-12-25T06:45:44.389Z"}
{"method":"GET","path":"/lib/tempusdominus/css/tempusdominus-bootstrap-4.min.css","timestamp":"2023-12-25T06:45:44.422Z"}
{"method":"GET","path":"/css/style.css","timestamp":"2023-12-25T06:45:44.459Z"}
{"method":"GET","path":"/css/bootstrap.min.css","timestamp":"2023-12-25T06:45:44.460Z"}
{"method":"GET","path":"/lib/chart/chart.min.js","timestamp":"2023-12-25T06:45:44.484Z"}
{"method":"GET","path":"/img/user.jpg","timestamp":"2023-12-25T06:45:44.483Z"}
{"method":"GET","path":"/lib/easing/easing.min.js","timestamp":"2023-12-25T06:45:44.499Z"}
{"method":"GET","path":"/lib/waypoints/waypoints.min.js","timestamp":"2023-12-25T06:45:44.503Z"}
{"method":"GET","path":"/lib/owlcarousel/owl.carousel.min.js","timestamp":"2023-12-25T06:45:44.509Z"}
{"method":"GET","path":"/lib/tempusdominus/js/moment.min.js","timestamp":"2023-12-25T06:45:44.510Z"}
{"method":"GET","path":"/lib/tempusdominus/js/tempusdominus-bootstrap-4.min.js","timestamp":"2023-12-25T06:45:44.544Z"}
{"method":"GET","path":"/js/main.js","timestamp":"2023-12-25T06:45:44.546Z"}
{"method":"GET","path":"/lib/tempusdominus/js/moment-timezone.min.js","timestamp":"2023-12-25T06:45:44.547Z"}
{"method":"GET","path":"/img/favicon.ico","timestamp":"2023-12-25T06:45:44.983Z"}
{"method":"GET","path":"/index.html","timestamp":"2023-12-25T06:47:45.682Z"}
{"method":"GET","path":"/lib/owlcarousel/assets/owl.carousel.min.css","timestamp":"2023-12-25T06:47:45.879Z"}
{"method":"GET","path":"/lib/tempusdominus/css/tempusdominus-bootstrap-4.min.css","timestamp":"2023-12-25T06:47:45.892Z"}
{"method":"GET","path":"/lib/chart/chart.min.js","timestamp":"2023-12-25T06:47:45.930Z"}
{"method":"GET","path":"/css/style.css","timestamp":"2023-12-25T06:47:45.929Z"}
{"method":"GET","path":"/css/bootstrap.min.css","timestamp":"2023-12-25T06:47:45.960Z"}
{"method":"GET","path":"/img/user.jpg","timestamp":"2023-12-25T06:47:45.961Z"}
{"method":"GET","path":"/lib/easing/easing.min.js","timestamp":"2023-12-25T06:47:45.968Z"}
{"method":"GET","path":"/lib/waypoints/waypoints.min.js","timestamp":"2023-12-25T06:47:45.975Z"}
{"method":"GET","path":"/lib/owlcarousel/owl.carousel.min.js","timestamp":"2023-12-25T06:47:45.984Z"}
{"method":"GET","path":"/lib/tempusdominus/js/moment.min.js","timestamp":"2023-12-25T06:47:45.984Z"}
{"method":"GET","path":"/lib/tempusdominus/js/moment-timezone.min.js","timestamp":"2023-12-25T06:47:46.009Z"}
{"method":"GET","path":"/lib/tempusdominus/js/tempusdominus-bootstrap-4.min.js","timestamp":"2023-12-25T06:47:46.033Z"}
{"method":"GET","path":"/js/main.js","timestamp":"2023-12-25T06:47:46.061Z"}
{"method":"GET","path":"/index.html","timestamp":"2023-12-25T06:48:08.872Z"}
{"method":"GET","path":"/lib/owlcarousel/assets/owl.carousel.min.css","timestamp":"2023-12-25T06:48:08.986Z"}
{"method":"GET","path":"/lib/tempusdominus/css/tempusdominus-bootstrap-4.min.css","timestamp":"2023-12-25T06:48:08.988Z"}
{"method":"GET","path":"/css/bootstrap.min.css","timestamp":"2023-12-25T06:48:08.989Z"}
{"method":"GET","path":"/img/user.jpg","timestamp":"2023-12-25T06:48:08.990Z"}
{"method":"GET","path":"/lib/chart/chart.min.js","timestamp":"2023-12-25T06:48:08.992Z"}
{"method":"GET","path":"/css/style.css","timestamp":"2023-12-25T06:48:09.001Z"}
{"method":"GET","path":"/lib/easing/easing.min.js","timestamp":"2023-12-25T06:48:09.040Z"}
{"method":"GET","path":"/lib/waypoints/waypoints.min.js","timestamp":"2023-12-25T06:48:09.041Z"}
{"method":"GET","path":"/lib/owlcarousel/owl.carousel.min.js","timestamp":"2023-12-25T06:48:09.045Z"}
{"method":"GET","path":"/lib/tempusdominus/js/moment-timezone.min.js","timestamp":"2023-12-25T06:48:09.047Z"}
{"method":"GET","path":"/lib/tempusdominus/js/moment.min.js","timestamp":"2023-12-25T06:48:09.052Z"}
{"method":"GET","path":"/lib/tempusdominus/js/tempusdominus-bootstrap-4.min.js","timestamp":"2023-12-25T06:48:09.081Z"}
{"method":"GET","path":"/js/main.js","timestamp":"2023-12-25T06:48:09.104Z"}
{"method":"GET","path":"/index.html","timestamp":"2023-12-25T06:48:49.709Z"}
{"method":"GET","path":"/lib/owlcarousel/assets/owl.carousel.min.css","timestamp":"2023-12-25T06:48:49.797Z"}
{"method":"GET","path":"/lib/tempusdominus/css/tempusdominus-bootstrap-4.min.css","timestamp":"2023-12-25T06:48:49.799Z"}
{"method":"GET","path":"/css/bootstrap.min.css","timestamp":"2023-12-25T06:48:49.807Z"}
{"method":"GET","path":"/css/style.css","timestamp":"2023-12-25T06:48:49.811Z"}
{"method":"GET","path":"/img/user.jpg","timestamp":"2023-12-25T06:48:49.816Z"}
{"method":"GET","path":"/lib/chart/chart.min.js","timestamp":"2023-12-25T06:48:49.845Z"}
{"method":"GET","path":"/lib/easing/easing.min.js","timestamp":"2023-12-25T06:48:49.849Z"}
{"method":"GET","path":"/lib/owlcarousel/owl.carousel.min.js","timestamp":"2023-12-25T06:48:49.857Z"}
{"method":"GET","path":"/lib/tempusdominus/js/moment.min.js","timestamp":"2023-12-25T06:48:49.858Z"}
{"method":"GET","path":"/lib/waypoints/waypoints.min.js","timestamp":"2023-12-25T06:48:49.858Z"}
{"method":"GET","path":"/lib/tempusdominus/js/moment-timezone.min.js","timestamp":"2023-12-25T06:48:49.865Z"}
{"method":"GET","path":"/lib/tempusdominus/js/tempusdominus-bootstrap-4.min.js","timestamp":"2023-12-25T06:48:49.908Z"}
{"method":"GET","path":"/js/main.js","timestamp":"2023-12-25T06:48:49.915Z"}
{"method":"GET","path":"/index.html","timestamp":"2023-12-25T06:48:54.661Z"}
{"method":"GET","path":"/lib/owlcarousel/assets/owl.carousel.min.css","timestamp":"2023-12-25T06:48:54.721Z"}
{"method":"GET","path":"/lib/tempusdominus/css/tempusdominus-bootstrap-4.min.css","timestamp":"2023-12-25T06:48:54.725Z"}
{"method":"GET","path":"/css/bootstrap.min.css","timestamp":"2023-12-25T06:48:54.726Z"}
{"method":"GET","path":"/css/style.css","timestamp":"2023-12-25T06:48:54.728Z"}
{"method":"GET","path":"/img/user.jpg","timestamp":"2023-12-25T06:48:54.733Z"}
{"method":"GET","path":"/lib/chart/chart.min.js","timestamp":"2023-12-25T06:48:54.756Z"}
{"method":"GET","path":"/lib/waypoints/waypoints.min.js","timestamp":"2023-12-25T06:48:54.789Z"}
{"method":"GET","path":"/lib/easing/easing.min.js","timestamp":"2023-12-25T06:48:54.789Z"}
{"method":"GET","path":"/lib/owlcarousel/owl.carousel.min.js","timestamp":"2023-12-25T06:48:54.790Z"}
{"method":"GET","path":"/lib/tempusdominus/js/moment-timezone.min.js","timestamp":"2023-12-25T06:48:54.792Z"}
{"method":"GET","path":"/lib/tempusdominus/js/tempusdominus-bootstrap-4.min.js","timestamp":"2023-12-25T06:48:54.793Z"}
{"method":"GET","path":"/lib/tempusdominus/js/moment.min.js","timestamp":"2023-12-25T06:48:54.791Z"}
{"method":"GET","path":"/js/main.js","timestamp":"2023-12-25T06:48:54.818Z"}
{"method":"GET","path":"/css/bootstrap.min.css","timestamp":"2023-12-25T06:51:19.337Z"}
{"method":"GET","path":"/lib/chart/chart.min.js","timestamp":"2023-12-25T06:51:19.339Z"}
{"method":"GET","path":"/img/user.jpg","timestamp":"2023-12-25T06:51:19.338Z"}
{"method":"GET","path":"/lib/owlcarousel/assets/owl.carousel.min.css","timestamp":"2023-12-25T06:51:19.315Z"}
{"method":"GET","path":"/lib/tempusdominus/css/tempusdominus-bootstrap-4.min.css","timestamp":"2023-12-25T06:51:19.336Z"}
{"method":"GET","path":"/css/style.css","timestamp":"2023-12-25T06:51:19.338Z"}
{"method":"GET","path":"/lib/easing/easing.min.js","timestamp":"2023-12-25T06:51:19.430Z"}
{"method":"GET","path":"/lib/waypoints/waypoints.min.js","timestamp":"2023-12-25T06:51:19.433Z"}
{"method":"GET","path":"/lib/owlcarousel/owl.carousel.min.js","timestamp":"2023-12-25T06:51:19.435Z"}
{"method":"GET","path":"/lib/tempusdominus/js/moment.min.js","timestamp":"2023-12-25T06:51:19.439Z"}
{"method":"GET","path":"/lib/tempusdominus/js/tempusdominus-bootstrap-4.min.js","timestamp":"2023-12-25T06:51:19.459Z"}
{"method":"GET","path":"/lib/tempusdominus/js/moment-timezone.min.js","timestamp":"2023-12-25T06:51:19.455Z"}
{"method":"GET","path":"/js/main.js","timestamp":"2023-12-25T06:51:19.494Z"}
{"method":"GET","path":"/img/favicon.ico","timestamp":"2023-12-25T06:51:20.137Z"}
{"method":"GET","path":"/index.html","timestamp":"2023-12-25T06:51:23.852Z"}
{"method":"GET","path":"/lib/tempusdominus/css/tempusdominus-bootstrap-4.min.css","timestamp":"2023-12-25T06:51:23.919Z"}
{"method":"GET","path":"/lib/owlcarousel/assets/owl.carousel.min.css","timestamp":"2023-12-25T06:51:23.922Z"}
{"method":"GET","path":"/css/bootstrap.min.css","timestamp":"2023-12-25T06:51:23.937Z"}
{"method":"GET","path":"/css/style.css","timestamp":"2023-12-25T06:51:23.939Z"}
{"method":"GET","path":"/img/user.jpg","timestamp":"2023-12-25T06:51:23.951Z"}
{"method":"GET","path":"/lib/chart/chart.min.js","timestamp":"2023-12-25T06:51:23.960Z"}
{"method":"GET","path":"/lib/easing/easing.min.js","timestamp":"2023-12-25T06:51:23.976Z"}
{"method":"GET","path":"/lib/tempusdominus/js/moment.min.js","timestamp":"2023-12-25T06:51:23.978Z"}
{"method":"GET","path":"/lib/tempusdominus/js/moment-timezone.min.js","timestamp":"2023-12-25T06:51:23.979Z"}
{"method":"GET","path":"/lib/owlcarousel/owl.carousel.min.js","timestamp":"2023-12-25T06:51:23.981Z"}
{"method":"GET","path":"/lib/waypoints/waypoints.min.js","timestamp":"2023-12-25T06:51:23.982Z"}
{"method":"GET","path":"/lib/tempusdominus/js/tempusdominus-bootstrap-4.min.js","timestamp":"2023-12-25T06:51:23.985Z"}
{"method":"GET","path":"/js/main.js","timestamp":"2023-12-25T06:51:24.012Z"}
{"method":"GET","path":"/razzdevapi/","timestamp":"2023-12-25T06:51:26.118Z"}
{"method":"GET","path":"/favicon.ico","timestamp":"2023-12-25T06:51:26.311Z"}
{"method":"GET","path":"/lib/tempusdominus/css/tempusdominus-bootstrap-4.min.css","timestamp":"2023-12-25T06:52:44.759Z"}
{"method":"GET","path":"/img/user.jpg","timestamp":"2023-12-25T06:52:44.802Z"}
{"method":"GET","path":"/lib/chart/chart.min.js","timestamp":"2023-12-25T06:52:44.802Z"}
{"method":"GET","path":"/css/style.css","timestamp":"2023-12-25T06:52:44.798Z"}
{"method":"GET","path":"/lib/owlcarousel/assets/owl.carousel.min.css","timestamp":"2023-12-25T06:52:44.797Z"}
{"method":"GET","path":"/css/bootstrap.min.css","timestamp":"2023-12-25T06:52:44.797Z"}
{"method":"GET","path":"/lib/waypoints/waypoints.min.js","timestamp":"2023-12-25T06:52:44.890Z"}
{"method":"GET","path":"/lib/easing/easing.min.js","timestamp":"2023-12-25T06:52:44.899Z"}
{"method":"GET","path":"/lib/owlcarousel/owl.carousel.min.js","timestamp":"2023-12-25T06:52:44.899Z"}
{"method":"GET","path":"/lib/tempusdominus/js/moment.min.js","timestamp":"2023-12-25T06:52:44.906Z"}
{"method":"GET","path":"/lib/tempusdominus/js/moment-timezone.min.js","timestamp":"2023-12-25T06:52:44.914Z"}
{"method":"GET","path":"/lib/tempusdominus/js/tempusdominus-bootstrap-4.min.js","timestamp":"2023-12-25T06:52:44.923Z"}
{"method":"GET","path":"/js/main.js","timestamp":"2023-12-25T06:52:44.932Z"}
{"method":"GET","path":"/img/favicon.ico","timestamp":"2023-12-25T06:52:45.646Z"}
{"method":"GET","path":"/css/bootstrap.min.css","timestamp":"2023-12-25T06:54:42.169Z"}
{"method":"GET","path":"/lib/owlcarousel/assets/owl.carousel.min.css","timestamp":"2023-12-25T06:54:42.158Z"}
{"method":"GET","path":"/css/style.css","timestamp":"2023-12-25T06:54:42.171Z"}
{"method":"GET","path":"/lib/tempusdominus/css/tempusdominus-bootstrap-4.min.css","timestamp":"2023-12-25T06:54:42.136Z"}
{"method":"GET","path":"/img/user.jpg","timestamp":"2023-12-25T06:54:42.233Z"}
{"method":"GET","path":"/lib/chart/chart.min.js","timestamp":"2023-12-25T06:54:42.233Z"}
{"method":"GET","path":"/lib/waypoints/waypoints.min.js","timestamp":"2023-12-25T06:54:42.236Z"}
{"method":"GET","path":"/lib/tempusdominus/js/moment.min.js","timestamp":"2023-12-25T06:54:42.272Z"}
{"method":"GET","path":"/lib/easing/easing.min.js","timestamp":"2023-12-25T06:54:42.288Z"}
{"method":"GET","path":"/lib/owlcarousel/owl.carousel.min.js","timestamp":"2023-12-25T06:54:42.289Z"}
{"method":"GET","path":"/lib/tempusdominus/js/moment-timezone.min.js","timestamp":"2023-12-25T06:54:42.290Z"}
{"method":"GET","path":"/lib/tempusdominus/js/tempusdominus-bootstrap-4.min.js","timestamp":"2023-12-25T06:54:42.303Z"}
{"method":"GET","path":"/js/main.js","timestamp":"2023-12-25T06:54:42.336Z"}
{"method":"GET","path":"/img/favicon.ico","timestamp":"2023-12-25T06:54:43.075Z"}
{"method":"GET","path":"/lib/owlcarousel/assets/owl.carousel.min.css","timestamp":"2023-12-25T06:56:34.644Z"}
{"method":"GET","path":"/lib/tempusdominus/css/tempusdominus-bootstrap-4.min.css","timestamp":"2023-12-25T06:56:34.659Z"}
{"method":"GET","path":"/css/style.css","timestamp":"2023-12-25T06:56:34.660Z"}
{"method":"GET","path":"/css/bootstrap.min.css","timestamp":"2023-12-25T06:56:34.681Z"}
{"method":"GET","path":"/lib/chart/chart.min.js","timestamp":"2023-12-25T06:56:34.716Z"}
{"method":"GET","path":"/img/user.jpg","timestamp":"2023-12-25T06:56:34.714Z"}
{"method":"GET","path":"/lib/easing/easing.min.js","timestamp":"2023-12-25T06:56:34.717Z"}
{"method":"GET","path":"/lib/waypoints/waypoints.min.js","timestamp":"2023-12-25T06:56:34.742Z"}
{"method":"GET","path":"/lib/owlcarousel/owl.carousel.min.js","timestamp":"2023-12-25T06:56:34.747Z"}
{"method":"GET","path":"/lib/tempusdominus/js/moment.min.js","timestamp":"2023-12-25T06:56:34.749Z"}
{"method":"GET","path":"/lib/tempusdominus/js/moment-timezone.min.js","timestamp":"2023-12-25T06:56:34.766Z"}
{"method":"GET","path":"/lib/tempusdominus/js/tempusdominus-bootstrap-4.min.js","timestamp":"2023-12-25T06:56:34.768Z"}
{"method":"GET","path":"/js/main.js","timestamp":"2023-12-25T06:56:34.771Z"}
{"method":"GET","path":"/img/favicon.ico","timestamp":"2023-12-25T06:56:35.241Z"}
{"method":"GET","path":"/lib/tempusdominus/css/tempusdominus-bootstrap-4.min.css","timestamp":"2023-12-25T07:03:04.958Z"}
{"method":"GET","path":"/lib/owlcarousel/assets/owl.carousel.min.css","timestamp":"2023-12-25T07:03:04.931Z"}
{"method":"GET","path":"/css/bootstrap.min.css","timestamp":"2023-12-25T07:03:04.961Z"}
{"method":"GET","path":"/css/style.css","timestamp":"2023-12-25T07:03:05.228Z"}
{"method":"GET","path":"/img/user.jpg","timestamp":"2023-12-25T07:03:05.351Z"}
{"method":"GET","path":"/lib/chart/chart.min.js","timestamp":"2023-12-25T07:03:05.411Z"}
{"method":"GET","path":"/lib/easing/easing.min.js","timestamp":"2023-12-25T07:03:05.447Z"}
{"method":"GET","path":"/lib/waypoints/waypoints.min.js","timestamp":"2023-12-25T07:03:05.533Z"}
{"method":"GET","path":"/lib/owlcarousel/owl.carousel.min.js","timestamp":"2023-12-25T07:03:05.555Z"}
{"method":"GET","path":"/lib/tempusdominus/js/moment.min.js","timestamp":"2023-12-25T07:03:05.568Z"}
{"method":"GET","path":"/lib/tempusdominus/js/moment-timezone.min.js","timestamp":"2023-12-25T07:03:05.606Z"}
{"method":"GET","path":"/lib/tempusdominus/js/tempusdominus-bootstrap-4.min.js","timestamp":"2023-12-25T07:03:05.728Z"}
{"method":"GET","path":"/js/main.js","timestamp":"2023-12-25T07:03:05.749Z"}
{"method":"GET","path":"/img/favicon.ico","timestamp":"2023-12-25T07:03:06.366Z"}
{"method":"GET","path":"/lib/tempusdominus/css/tempusdominus-bootstrap-4.min.css","timestamp":"2023-12-25T07:05:23.363Z"}
{"method":"GET","path":"/lib/owlcarousel/assets/owl.carousel.min.css","timestamp":"2023-12-25T07:05:23.343Z"}
{"method":"GET","path":"/css/bootstrap.min.css","timestamp":"2023-12-25T07:05:23.371Z"}
{"method":"GET","path":"/css/style.css","timestamp":"2023-12-25T07:05:23.373Z"}
{"method":"GET","path":"/img/user.jpg","timestamp":"2023-12-25T07:05:23.417Z"}
{"method":"GET","path":"/lib/chart/chart.min.js","timestamp":"2023-12-25T07:05:23.422Z"}
{"method":"GET","path":"/lib/waypoints/waypoints.min.js","timestamp":"2023-12-25T07:05:23.427Z"}
{"method":"GET","path":"/lib/owlcarousel/owl.carousel.min.js","timestamp":"2023-12-25T07:05:23.429Z"}
{"method":"GET","path":"/lib/easing/easing.min.js","timestamp":"2023-12-25T07:05:23.443Z"}
{"method":"GET","path":"/lib/tempusdominus/js/moment.min.js","timestamp":"2023-12-25T07:05:23.464Z"}
{"method":"GET","path":"/lib/tempusdominus/js/tempusdominus-bootstrap-4.min.js","timestamp":"2023-12-25T07:05:23.515Z"}
{"method":"GET","path":"/lib/tempusdominus/js/moment-timezone.min.js","timestamp":"2023-12-25T07:05:23.512Z"}
{"method":"GET","path":"/js/main.js","timestamp":"2023-12-25T07:05:23.517Z"}
{"method":"GET","path":"/img/favicon.ico","timestamp":"2023-12-25T07:05:24.705Z"}
